{"/home/travis/build/npmtest/node-npmtest-protractor/test.js":{"path":"/home/travis/build/npmtest/node-npmtest-protractor/test.js","s":{"1":2,"2":2,"3":2,"4":2,"5":2,"6":2,"7":2,"8":1,"9":2,"10":2,"11":1,"12":1,"13":1,"14":1,"15":2,"16":2,"17":2,"18":2,"19":1,"20":1,"21":2,"22":2,"23":2,"24":1,"25":1,"26":1,"27":1,"28":1,"29":1,"30":1,"31":1,"32":1,"33":1,"34":1,"35":1,"36":2,"37":2,"38":1,"39":2,"40":2,"41":1,"42":2,"43":2,"44":1,"45":1,"46":1,"47":1,"48":1},"b":{"1":[2,1,1,1],"2":[1,1,1,1],"3":[1,1],"4":[1,1],"5":[1,1],"6":[1,1],"7":[1,1],"8":[1,1],"9":[1,1,1],"10":[1,1],"11":[1,1],"12":[1,1],"13":[1,1],"14":[1,1],"15":[1,1]},"f":{"1":2,"2":2,"3":2,"4":2,"5":2,"6":1,"7":1,"8":2,"9":2,"10":2,"11":1},"fnMap":{"1":{"name":"(anonymous_1)","line":12,"loc":{"start":{"line":12,"column":1},"end":{"line":12,"column":13}}},"2":{"name":"(anonymous_2)","line":19,"loc":{"start":{"line":19,"column":5},"end":{"line":19,"column":17}}},"3":{"name":"(anonymous_3)","line":23,"loc":{"start":{"line":23,"column":24},"end":{"line":23,"column":36}}},"4":{"name":"(anonymous_4)","line":61,"loc":{"start":{"line":61,"column":5},"end":{"line":61,"column":17}}},"5":{"name":"(anonymous_5)","line":82,"loc":{"start":{"line":82,"column":5},"end":{"line":82,"column":17}}},"6":{"name":"(anonymous_6)","line":102,"loc":{"start":{"line":102,"column":83},"end":{"line":105,"column":10}},"skip":true},"7":{"name":"(anonymous_7)","line":113,"loc":{"start":{"line":113,"column":77},"end":{"line":116,"column":10}},"skip":true},"8":{"name":"(anonymous_8)","line":127,"loc":{"start":{"line":127,"column":77},"end":{"line":130,"column":10}},"skip":true},"9":{"name":"(anonymous_9)","line":138,"loc":{"start":{"line":138,"column":83},"end":{"line":141,"column":10}},"skip":true},"10":{"name":"(anonymous_10)","line":149,"loc":{"start":{"line":149,"column":79},"end":{"line":152,"column":10}},"skip":true},"11":{"name":"(anonymous_11)","line":160,"loc":{"start":{"line":160,"column":75},"end":{"line":163,"column":10}},"skip":true}},"statementMap":{"1":{"start":{"line":12,"column":0},"end":{"line":175,"column":5}},"2":{"start":{"line":14,"column":4},"end":{"line":14,"column":14}},"3":{"start":{"line":19,"column":4},"end":{"line":56,"column":9}},"4":{"start":{"line":21,"column":8},"end":{"line":21,"column":19}},"5":{"start":{"line":23,"column":8},"end":{"line":35,"column":13}},"6":{"start":{"line":24,"column":12},"end":{"line":34,"column":13}},"7":{"start":{"line":25,"column":16},"end":{"line":28,"column":30}},"8":{"start":{"line":30,"column":16},"end":{"line":33,"column":27}},"9":{"start":{"line":37,"column":8},"end":{"line":39,"column":21}},"10":{"start":{"line":40,"column":8},"end":{"line":53,"column":9}},"11":{"start":{"line":43,"column":12},"end":{"line":46,"column":14}},"12":{"start":{"line":47,"column":12},"end":{"line":47,"column":18}},"13":{"start":{"line":50,"column":12},"end":{"line":51,"column":46}},"14":{"start":{"line":52,"column":12},"end":{"line":52,"column":18}},"15":{"start":{"line":55,"column":8},"end":{"line":55,"column":35}},"16":{"start":{"line":61,"column":4},"end":{"line":63,"column":9}},"17":{"start":{"line":62,"column":8},"end":{"line":62,"column":15}},"18":{"start":{"line":64,"column":4},"end":{"line":77,"column":5}},"19":{"start":{"line":70,"column":8},"end":{"line":70,"column":14}},"20":{"start":{"line":76,"column":8},"end":{"line":76,"column":14}},"21":{"start":{"line":82,"column":4},"end":{"line":84,"column":9}},"22":{"start":{"line":83,"column":8},"end":{"line":83,"column":15}},"23":{"start":{"line":85,"column":4},"end":{"line":174,"column":5}},"24":{"start":{"line":92,"column":8},"end":{"line":94,"column":63}},"25":{"start":{"line":95,"column":8},"end":{"line":95,"column":14}},"26":{"start":{"line":102,"column":8},"end":{"line":111,"column":10},"skip":true},"27":{"start":{"line":109,"column":12},"end":{"line":109,"column":55},"skip":true},"28":{"start":{"line":110,"column":12},"end":{"line":110,"column":48},"skip":true},"29":{"start":{"line":113,"column":8},"end":{"line":125,"column":10},"skip":true},"30":{"start":{"line":120,"column":12},"end":{"line":120,"column":76},"skip":true},"31":{"start":{"line":121,"column":12},"end":{"line":121,"column":73},"skip":true},"32":{"start":{"line":122,"column":12},"end":{"line":122,"column":74},"skip":true},"33":{"start":{"line":123,"column":12},"end":{"line":123,"column":25},"skip":true},"34":{"start":{"line":124,"column":12},"end":{"line":124,"column":45},"skip":true},"35":{"start":{"line":127,"column":8},"end":{"line":136,"column":10},"skip":true},"36":{"start":{"line":134,"column":12},"end":{"line":134,"column":25},"skip":true},"37":{"start":{"line":135,"column":12},"end":{"line":135,"column":45},"skip":true},"38":{"start":{"line":138,"column":8},"end":{"line":147,"column":10},"skip":true},"39":{"start":{"line":145,"column":12},"end":{"line":145,"column":25},"skip":true},"40":{"start":{"line":146,"column":12},"end":{"line":146,"column":48},"skip":true},"41":{"start":{"line":149,"column":8},"end":{"line":158,"column":10},"skip":true},"42":{"start":{"line":156,"column":12},"end":{"line":156,"column":25},"skip":true},"43":{"start":{"line":157,"column":12},"end":{"line":157,"column":46},"skip":true},"44":{"start":{"line":160,"column":8},"end":{"line":169,"column":10},"skip":true},"45":{"start":{"line":167,"column":12},"end":{"line":167,"column":94},"skip":true},"46":{"start":{"line":168,"column":12},"end":{"line":168,"column":48},"skip":true},"47":{"start":{"line":172,"column":8},"end":{"line":172,"column":35},"skip":true},"48":{"start":{"line":173,"column":8},"end":{"line":173,"column":14},"skip":true}},"branchMap":{"1":{"line":25,"type":"binary-expr","locations":[{"start":{"line":25,"column":23},"end":{"line":25,"column":62}},{"start":{"line":26,"column":20},"end":{"line":26,"column":70}},{"start":{"line":27,"column":20},"end":{"line":27,"column":71}},{"start":{"line":28,"column":20},"end":{"line":28,"column":29}}]},"2":{"line":30,"type":"binary-expr","locations":[{"start":{"line":30,"column":23},"end":{"line":30,"column":37}},{"start":{"line":31,"column":20},"end":{"line":31,"column":61}},{"start":{"line":32,"column":20},"end":{"line":32,"column":70}},{"start":{"line":33,"column":20},"end":{"line":33,"column":26}}]},"3":{"line":37,"type":"cond-expr","locations":[{"start":{"line":38,"column":14},"end":{"line":38,"column":20}},{"start":{"line":39,"column":14},"end":{"line":39,"column":20}}]},"4":{"line":40,"type":"switch","locations":[{"start":{"line":42,"column":8},"end":{"line":47,"column":18}},{"start":{"line":49,"column":8},"end":{"line":52,"column":18}}]},"5":{"line":44,"type":"binary-expr","locations":[{"start":{"line":44,"column":16},"end":{"line":44,"column":44}},{"start":{"line":44,"column":48},"end":{"line":44,"column":66}}]},"6":{"line":50,"type":"binary-expr","locations":[{"start":{"line":50,"column":21},"end":{"line":50,"column":49}},{"start":{"line":50,"column":53},"end":{"line":50,"column":72}}]},"7":{"line":64,"type":"switch","locations":[{"start":{"line":69,"column":4},"end":{"line":70,"column":14}},{"start":{"line":75,"column":4},"end":{"line":76,"column":14}}]},"8":{"line":85,"type":"switch","locations":[{"start":{"line":90,"column":4},"end":{"line":95,"column":14}},{"start":{"line":101,"column":4},"end":{"line":173,"column":14},"skip":true}]},"9":{"line":92,"type":"binary-expr","locations":[{"start":{"line":92,"column":18},"end":{"line":92,"column":32}},{"start":{"line":93,"column":12},"end":{"line":93,"column":53}},{"start":{"line":94,"column":12},"end":{"line":94,"column":61}}]},"10":{"line":102,"type":"binary-expr","locations":[{"start":{"line":102,"column":45},"end":{"line":102,"column":79},"skip":true},{"start":{"line":102,"column":83},"end":{"line":111,"column":9},"skip":true}]},"11":{"line":113,"type":"binary-expr","locations":[{"start":{"line":113,"column":42},"end":{"line":113,"column":73},"skip":true},{"start":{"line":113,"column":77},"end":{"line":125,"column":9},"skip":true}]},"12":{"line":127,"type":"binary-expr","locations":[{"start":{"line":127,"column":42},"end":{"line":127,"column":73},"skip":true},{"start":{"line":127,"column":77},"end":{"line":136,"column":9},"skip":true}]},"13":{"line":138,"type":"binary-expr","locations":[{"start":{"line":138,"column":45},"end":{"line":138,"column":79},"skip":true},{"start":{"line":138,"column":83},"end":{"line":147,"column":9},"skip":true}]},"14":{"line":149,"type":"binary-expr","locations":[{"start":{"line":149,"column":43},"end":{"line":149,"column":75},"skip":true},{"start":{"line":149,"column":79},"end":{"line":158,"column":9},"skip":true}]},"15":{"line":160,"type":"binary-expr","locations":[{"start":{"line":160,"column":41},"end":{"line":160,"column":71},"skip":true},{"start":{"line":160,"column":75},"end":{"line":169,"column":9},"skip":true}]}},"code":["/* istanbul instrument in package npmtest_protractor */","/*jslint","    bitwise: true,","    browser: true,","    maxerr: 8,","    maxlen: 96,","    node: true,","    nomen: true,","    regexp: true,","    stupid: true","*/","(function () {","    'use strict';","    var local;","","","","    // run shared js-env code - pre-init","    (function () {","        // init local","        local = {};","        // init modeJs","        local.modeJs = (function () {","            try {","                return typeof navigator.userAgent === 'string' &&","                    typeof document.querySelector('body') === 'object' &&","                    typeof XMLHttpRequest.prototype.open === 'function' &&","                    'browser';","            } catch (errorCaughtBrowser) {","                return module.exports &&","                    typeof process.versions.node === 'string' &&","                    typeof require('http').createServer === 'function' &&","                    'node';","            }","        }());","        // init global","        local.global = local.modeJs === 'browser'","            ? window","            : global;","        switch (local.modeJs) {","        // re-init local from window.local","        case 'browser':","            local = local.global.utility2.objectSetDefault(","                local.global.utility2_rollup || local.global.local,","                local.global.utility2","            );","            break;","        // re-init local from example.js","        case 'node':","            local = (local.global.utility2_rollup || require('utility2'))","                .requireExampleJsFromReadme();","            break;","        }","        // export local","        local.global.local = local;","    }());","","","","    // run shared js-env code - function","    (function () {","        return;","    }());","    switch (local.modeJs) {","","","","    // run browser js-env code - function","    case 'browser':","        break;","","","","    // run node js-env code - function","    case 'node':","        break;","    }","","","","    // run shared js-env code - post-init","    (function () {","        return;","    }());","    switch (local.modeJs) {","","","","    // run browser js-env code - post-init","    case 'browser':","        // run tests","        local.nop(local.modeTest &&","            document.querySelector('#testRunButton1') &&","            document.querySelector('#testRunButton1').click());","        break;","","","","    // run node js-env code - post-init","    /* istanbul ignore next */","    case 'node':","        local.testCase_buildApidoc_default = local.testCase_buildApidoc_default || function (","            options,","            onError","        ) {","        /*","         * this function will test buildApidoc's default handling-behavior-behavior","         */","            options = { modulePathList: module.paths };","            local.buildApidoc(options, onError);","        };","","        local.testCase_buildApp_default = local.testCase_buildApp_default || function (","            options,","            onError","        ) {","        /*","         * this function will test buildApp's default handling-behavior-behavior","         */","            local.testCase_buildReadme_default(options, local.onErrorThrow);","            local.testCase_buildLib_default(options, local.onErrorThrow);","            local.testCase_buildTest_default(options, local.onErrorThrow);","            options = [];","            local.buildApp(options, onError);","        };","","        local.testCase_buildLib_default = local.testCase_buildLib_default || function (","            options,","            onError","        ) {","        /*","         * this function will test buildLib's default handling-behavior","         */","            options = {};","            local.buildLib(options, onError);","        };","","        local.testCase_buildReadme_default = local.testCase_buildReadme_default || function (","            options,","            onError","        ) {","        /*","         * this function will test buildReadme's default handling-behavior-behavior","         */","            options = {};","            local.buildReadme(options, onError);","        };","","        local.testCase_buildTest_default = local.testCase_buildTest_default || function (","            options,","            onError","        ) {","        /*","         * this function will test buildTest's default handling-behavior","         */","            options = {};","            local.buildTest(options, onError);","        };","","        local.testCase_webpage_default = local.testCase_webpage_default || function (","            options,","            onError","        ) {","        /*","         * this function will test webpage's default handling-behavior","         */","            options = { modeCoverageMerge: true, url: local.serverLocalHost + '?modeTest=1' };","            local.browserTest(options, onError);","        };","","        // run test-server","        local.testRunServer(local);","        break;","    }","}());",""],"l":{"12":2,"14":2,"19":2,"21":2,"23":2,"24":2,"25":2,"30":1,"37":2,"40":2,"43":1,"47":1,"50":1,"52":1,"55":2,"61":2,"62":2,"64":2,"70":1,"76":1,"82":2,"83":2,"85":2,"92":1,"95":1,"102":1,"109":1,"110":1,"113":1,"120":1,"121":1,"122":1,"123":1,"124":1,"127":1,"134":2,"135":2,"138":1,"145":2,"146":2,"149":1,"156":2,"157":2,"160":1,"167":1,"168":1,"172":1,"173":1}},"/home/travis/build/npmtest/node-npmtest-protractor/lib.npmtest_protractor.js":{"path":"/home/travis/build/npmtest/node-npmtest-protractor/lib.npmtest_protractor.js","s":{"1":2,"2":2,"3":2,"4":2,"5":2,"6":2,"7":2,"8":1,"9":2,"10":2,"11":2,"12":2,"13":1,"14":1,"15":1,"16":1},"b":{"1":[2,1,1,1],"2":[1,1,1,1],"3":[1,1],"4":[2,2],"5":[1,1]},"f":{"1":2,"2":2,"3":2},"fnMap":{"1":{"name":"(anonymous_1)","line":12,"loc":{"start":{"line":12,"column":1},"end":{"line":12,"column":13}}},"2":{"name":"(anonymous_2)","line":19,"loc":{"start":{"line":19,"column":5},"end":{"line":19,"column":17}}},"3":{"name":"(anonymous_3)","line":23,"loc":{"start":{"line":23,"column":24},"end":{"line":23,"column":36}}}},"statementMap":{"1":{"start":{"line":12,"column":0},"end":{"line":53,"column":5}},"2":{"start":{"line":14,"column":4},"end":{"line":14,"column":14}},"3":{"start":{"line":19,"column":4},"end":{"line":52,"column":9}},"4":{"start":{"line":21,"column":8},"end":{"line":21,"column":19}},"5":{"start":{"line":23,"column":8},"end":{"line":35,"column":13}},"6":{"start":{"line":24,"column":12},"end":{"line":34,"column":13}},"7":{"start":{"line":25,"column":16},"end":{"line":28,"column":30}},"8":{"start":{"line":30,"column":16},"end":{"line":33,"column":27}},"9":{"start":{"line":37,"column":8},"end":{"line":39,"column":21}},"10":{"start":{"line":41,"column":8},"end":{"line":41,"column":54}},"11":{"start":{"line":43,"column":8},"end":{"line":43,"column":55}},"12":{"start":{"line":45,"column":8},"end":{"line":51,"column":9}},"13":{"start":{"line":46,"column":12},"end":{"line":46,"column":61}},"14":{"start":{"line":48,"column":12},"end":{"line":48,"column":35}},"15":{"start":{"line":49,"column":12},"end":{"line":49,"column":49}},"16":{"start":{"line":50,"column":12},"end":{"line":50,"column":43}}},"branchMap":{"1":{"line":25,"type":"binary-expr","locations":[{"start":{"line":25,"column":23},"end":{"line":25,"column":62}},{"start":{"line":26,"column":20},"end":{"line":26,"column":70}},{"start":{"line":27,"column":20},"end":{"line":27,"column":71}},{"start":{"line":28,"column":20},"end":{"line":28,"column":29}}]},"2":{"line":30,"type":"binary-expr","locations":[{"start":{"line":30,"column":23},"end":{"line":30,"column":37}},{"start":{"line":31,"column":20},"end":{"line":31,"column":61}},{"start":{"line":32,"column":20},"end":{"line":32,"column":70}},{"start":{"line":33,"column":20},"end":{"line":33,"column":26}}]},"3":{"line":37,"type":"cond-expr","locations":[{"start":{"line":38,"column":14},"end":{"line":38,"column":20}},{"start":{"line":39,"column":14},"end":{"line":39,"column":20}}]},"4":{"line":41,"type":"binary-expr","locations":[{"start":{"line":41,"column":16},"end":{"line":41,"column":44}},{"start":{"line":41,"column":48},"end":{"line":41,"column":53}}]},"5":{"line":45,"type":"if","locations":[{"start":{"line":45,"column":8},"end":{"line":45,"column":8}},{"start":{"line":45,"column":8},"end":{"line":45,"column":8}}]}},"code":["/* istanbul instrument in package npmtest_protractor */","/*jslint","    bitwise: true,","    browser: true,","    maxerr: 8,","    maxlen: 96,","    node: true,","    nomen: true,","    regexp: true,","    stupid: true","*/","(function () {","    'use strict';","    var local;","","","","    // run shared js-env code - pre-init","    (function () {","        // init local","        local = {};","        // init modeJs","        local.modeJs = (function () {","            try {","                return typeof navigator.userAgent === 'string' &&","                    typeof document.querySelector('body') === 'object' &&","                    typeof XMLHttpRequest.prototype.open === 'function' &&","                    'browser';","            } catch (errorCaughtBrowser) {","                return module.exports &&","                    typeof process.versions.node === 'string' &&","                    typeof require('http').createServer === 'function' &&","                    'node';","            }","        }());","        // init global","        local.global = local.modeJs === 'browser'","            ? window","            : global;","        // init utility2_rollup","        local = local.global.utility2_rollup || local;","        // init lib","        local.local = local.npmtest_protractor = local;","        // init exports","        if (local.modeJs === 'browser') {","            local.global.utility2_npmtest_protractor = local;","        } else {","            module.exports = local;","            module.exports.__dirname = __dirname;","            module.exports.module = module;","        }","    }());","}());",""],"l":{"12":2,"14":2,"19":2,"21":2,"23":2,"24":2,"25":2,"30":1,"37":2,"41":2,"43":2,"45":2,"46":1,"48":1,"49":1,"50":1}},"/home/travis/build/npmtest/node-npmtest-protractor/example.js":{"path":"/home/travis/build/npmtest/node-npmtest-protractor/example.js","s":{"1":2,"2":2,"3":2,"4":2,"5":2,"6":2,"7":2,"8":1,"9":2,"10":2,"11":2,"12":2,"13":1,"14":2,"15":2,"16":2,"17":2,"18":2,"19":0,"20":2,"21":1,"22":1,"23":1,"24":1,"25":1,"26":0,"27":0,"28":1,"29":1,"30":2,"31":0,"32":0,"33":0,"34":1,"35":2,"36":2,"37":2,"38":2,"39":2,"40":2,"41":0,"42":2,"43":2,"44":2,"45":1,"46":3,"47":1,"48":1,"49":1,"50":1,"51":1,"52":1,"53":1,"54":1,"55":1,"56":1,"57":0,"58":1,"59":6,"60":6,"61":1,"62":2,"63":0,"64":2,"65":1,"66":1,"67":0,"68":0,"69":0,"70":0,"71":0,"72":0,"73":0,"74":0,"75":0,"76":0,"77":0,"78":0,"79":0,"80":0,"81":0,"82":0,"83":0},"b":{"1":[2,1,1,1],"2":[1,1,1,1],"3":[1,1],"4":[2,2],"5":[1,1],"6":[1,1],"7":[2,0],"8":[2,1,1,1,1,1],"9":[0,2,0],"10":[1,1],"11":[2,1,1],"12":[1,0],"13":[0,2],"14":[2,0,0,0,0,0,0],"15":[0,2],"16":[2,0],"17":[1,1],"18":[0,1],"19":[1,2,0,2],"20":[1,0],"21":[1,1],"22":[0,0],"23":[0,0],"24":[0,0],"25":[0,0],"26":[0,0],"27":[0,0],"28":[0,0]},"f":{"1":2,"2":2,"3":2,"4":2,"5":2,"6":2,"7":2,"8":2,"9":3,"10":1,"11":6,"12":0},"fnMap":{"1":{"name":"(anonymous_1)","line":26,"loc":{"start":{"line":26,"column":1},"end":{"line":26,"column":13}}},"2":{"name":"(anonymous_2)","line":33,"loc":{"start":{"line":33,"column":5},"end":{"line":33,"column":17}}},"3":{"name":"(anonymous_3)","line":37,"loc":{"start":{"line":37,"column":24},"end":{"line":37,"column":36}}},"4":{"name":"(anonymous_4)","line":69,"loc":{"start":{"line":69,"column":31},"end":{"line":69,"column":48}},"skip":true},"5":{"name":"(anonymous_5)","line":78,"loc":{"start":{"line":78,"column":26},"end":{"line":78,"column":45}},"skip":true},"6":{"name":"(anonymous_6)","line":123,"loc":{"start":{"line":123,"column":33},"end":{"line":123,"column":48}},"skip":true},"7":{"name":"(anonymous_7)","line":125,"loc":{"start":{"line":125,"column":27},"end":{"line":125,"column":39}},"skip":true},"8":{"name":"(anonymous_8)","line":133,"loc":{"start":{"line":133,"column":59},"end":{"line":133,"column":74}},"skip":true},"9":{"name":"(anonymous_9)","line":143,"loc":{"start":{"line":143,"column":45},"end":{"line":143,"column":62}},"skip":true},"10":{"name":"(anonymous_10)","line":144,"loc":{"start":{"line":144,"column":73},"end":{"line":144,"column":92}},"skip":true},"11":{"name":"(anonymous_11)","line":272,"loc":{"start":{"line":272,"column":51},"end":{"line":272,"column":77}},"skip":true},"12":{"name":"(anonymous_12)","line":314,"loc":{"start":{"line":314,"column":32},"end":{"line":314,"column":61}},"skip":true}},"statementMap":{"1":{"start":{"line":26,"column":0},"end":{"line":325,"column":5}},"2":{"start":{"line":28,"column":4},"end":{"line":28,"column":14}},"3":{"start":{"line":33,"column":4},"end":{"line":60,"column":9}},"4":{"start":{"line":35,"column":8},"end":{"line":35,"column":19}},"5":{"start":{"line":37,"column":8},"end":{"line":49,"column":13}},"6":{"start":{"line":38,"column":12},"end":{"line":48,"column":13}},"7":{"start":{"line":39,"column":16},"end":{"line":42,"column":30}},"8":{"start":{"line":44,"column":16},"end":{"line":47,"column":27}},"9":{"start":{"line":51,"column":8},"end":{"line":53,"column":21}},"10":{"start":{"line":55,"column":8},"end":{"line":57,"column":45}},"11":{"start":{"line":59,"column":8},"end":{"line":59,"column":35}},"12":{"start":{"line":61,"column":4},"end":{"line":324,"column":5}},"13":{"start":{"line":69,"column":8},"end":{"line":121,"column":10},"skip":true},"14":{"start":{"line":70,"column":12},"end":{"line":88,"column":13},"skip":true},"15":{"start":{"line":76,"column":16},"end":{"line":87,"column":19},"skip":true},"16":{"start":{"line":79,"column":20},"end":{"line":86,"column":21},"skip":true},"17":{"start":{"line":82,"column":24},"end":{"line":82,"column":43},"skip":true},"18":{"start":{"line":83,"column":24},"end":{"line":83,"column":30},"skip":true},"19":{"start":{"line":85,"column":24},"end":{"line":85,"column":49},"skip":true},"20":{"start":{"line":89,"column":12},"end":{"line":107,"column":13},"skip":true},"21":{"start":{"line":92,"column":16},"end":{"line":102,"column":17},"skip":true},"22":{"start":{"line":93,"column":20},"end":{"line":93,"column":86},"skip":true},"23":{"start":{"line":94,"column":20},"end":{"line":95,"column":45},"skip":true},"24":{"start":{"line":96,"column":20},"end":{"line":96,"column":42},"skip":true},"25":{"start":{"line":97,"column":20},"end":{"line":97,"column":48},"skip":true},"26":{"start":{"line":100,"column":20},"end":{"line":100,"column":85},"skip":true},"27":{"start":{"line":101,"column":20},"end":{"line":101,"column":96},"skip":true},"28":{"start":{"line":103,"column":16},"end":{"line":103,"column":22},"skip":true},"29":{"start":{"line":106,"column":16},"end":{"line":106,"column":22},"skip":true},"30":{"start":{"line":108,"column":12},"end":{"line":120,"column":13},"skip":true},"31":{"start":{"line":114,"column":16},"end":{"line":119,"column":17},"skip":true},"32":{"start":{"line":116,"column":20},"end":{"line":116,"column":78},"skip":true},"33":{"start":{"line":118,"column":20},"end":{"line":118,"column":53},"skip":true},"34":{"start":{"line":123,"column":8},"end":{"line":141,"column":11},"skip":true},"35":{"start":{"line":124,"column":12},"end":{"line":124,"column":54},"skip":true},"36":{"start":{"line":125,"column":12},"end":{"line":140,"column":14},"skip":true},"37":{"start":{"line":126,"column":16},"end":{"line":126,"column":28},"skip":true},"38":{"start":{"line":127,"column":16},"end":{"line":127,"column":69},"skip":true},"39":{"start":{"line":128,"column":16},"end":{"line":128,"column":75},"skip":true},"40":{"start":{"line":129,"column":16},"end":{"line":131,"column":17},"skip":true},"41":{"start":{"line":130,"column":20},"end":{"line":130,"column":27},"skip":true},"42":{"start":{"line":133,"column":16},"end":{"line":137,"column":36},"skip":true},"43":{"start":{"line":134,"column":20},"end":{"line":136,"column":55},"skip":true},"44":{"start":{"line":139,"column":16},"end":{"line":139,"column":57},"skip":true},"45":{"start":{"line":143,"column":8},"end":{"line":147,"column":11},"skip":true},"46":{"start":{"line":144,"column":12},"end":{"line":146,"column":15},"skip":true},"47":{"start":{"line":145,"column":16},"end":{"line":145,"column":70},"skip":true},"48":{"start":{"line":149,"column":8},"end":{"line":149,"column":31},"skip":true},"49":{"start":{"line":150,"column":8},"end":{"line":150,"column":14},"skip":true},"50":{"start":{"line":158,"column":8},"end":{"line":158,"column":31},"skip":true},"51":{"start":{"line":160,"column":8},"end":{"line":160,"column":33},"skip":true},"52":{"start":{"line":161,"column":8},"end":{"line":161,"column":37},"skip":true},"53":{"start":{"line":162,"column":8},"end":{"line":162,"column":35},"skip":true},"54":{"start":{"line":164,"column":8},"end":{"line":164,"column":50},"skip":true},"55":{"start":{"line":166,"column":8},"end":{"line":256,"column":2},"skip":true},"56":{"start":{"line":258,"column":8},"end":{"line":286,"column":9},"skip":true},"57":{"start":{"line":259,"column":12},"end":{"line":269,"column":14},"skip":true},"58":{"start":{"line":271,"column":12},"end":{"line":285,"column":19},"skip":true},"59":{"start":{"line":274,"column":20},"end":{"line":274,"column":35},"skip":true},"60":{"start":{"line":275,"column":20},"end":{"line":284,"column":21},"skip":true},"61":{"start":{"line":277,"column":24},"end":{"line":277,"column":64},"skip":true},"62":{"start":{"line":279,"column":24},"end":{"line":279,"column":40},"skip":true},"63":{"start":{"line":281,"column":24},"end":{"line":281,"column":40},"skip":true},"64":{"start":{"line":283,"column":24},"end":{"line":283,"column":39},"skip":true},"65":{"start":{"line":288,"column":8},"end":{"line":290,"column":9},"skip":true},"66":{"start":{"line":289,"column":12},"end":{"line":289,"column":18},"skip":true},"67":{"start":{"line":291,"column":8},"end":{"line":293,"column":54},"skip":true},"68":{"start":{"line":294,"column":8},"end":{"line":301,"column":37},"skip":true},"69":{"start":{"line":302,"column":8},"end":{"line":302,"column":82},"skip":true},"70":{"start":{"line":305,"column":8},"end":{"line":307,"column":9},"skip":true},"71":{"start":{"line":306,"column":12},"end":{"line":306,"column":82},"skip":true},"72":{"start":{"line":309,"column":8},"end":{"line":311,"column":9},"skip":true},"73":{"start":{"line":310,"column":12},"end":{"line":310,"column":18},"skip":true},"74":{"start":{"line":312,"column":8},"end":{"line":312,"column":54},"skip":true},"75":{"start":{"line":313,"column":8},"end":{"line":313,"column":69},"skip":true},"76":{"start":{"line":314,"column":8},"end":{"line":322,"column":36},"skip":true},"77":{"start":{"line":315,"column":12},"end":{"line":315,"column":61},"skip":true},"78":{"start":{"line":316,"column":12},"end":{"line":319,"column":13},"skip":true},"79":{"start":{"line":317,"column":16},"end":{"line":317,"column":75},"skip":true},"80":{"start":{"line":318,"column":16},"end":{"line":318,"column":23},"skip":true},"81":{"start":{"line":320,"column":12},"end":{"line":320,"column":38},"skip":true},"82":{"start":{"line":321,"column":12},"end":{"line":321,"column":27},"skip":true},"83":{"start":{"line":323,"column":8},"end":{"line":323,"column":14},"skip":true}},"branchMap":{"1":{"line":39,"type":"binary-expr","locations":[{"start":{"line":39,"column":23},"end":{"line":39,"column":62}},{"start":{"line":40,"column":20},"end":{"line":40,"column":70}},{"start":{"line":41,"column":20},"end":{"line":41,"column":71}},{"start":{"line":42,"column":20},"end":{"line":42,"column":29}}]},"2":{"line":44,"type":"binary-expr","locations":[{"start":{"line":44,"column":23},"end":{"line":44,"column":37}},{"start":{"line":45,"column":20},"end":{"line":45,"column":61}},{"start":{"line":46,"column":20},"end":{"line":46,"column":70}},{"start":{"line":47,"column":20},"end":{"line":47,"column":26}}]},"3":{"line":51,"type":"cond-expr","locations":[{"start":{"line":52,"column":14},"end":{"line":52,"column":20}},{"start":{"line":53,"column":14},"end":{"line":53,"column":20}}]},"4":{"line":55,"type":"binary-expr","locations":[{"start":{"line":55,"column":16},"end":{"line":55,"column":44}},{"start":{"line":55,"column":49},"end":{"line":57,"column":43}}]},"5":{"line":55,"type":"cond-expr","locations":[{"start":{"line":56,"column":14},"end":{"line":56,"column":54}},{"start":{"line":57,"column":14},"end":{"line":57,"column":43}}]},"6":{"line":61,"type":"switch","locations":[{"start":{"line":68,"column":4},"end":{"line":150,"column":14},"skip":true},{"start":{"line":156,"column":4},"end":{"line":323,"column":14},"skip":true}]},"7":{"line":70,"type":"if","locations":[{"start":{"line":70,"column":12},"end":{"line":70,"column":12},"skip":true},{"start":{"line":70,"column":12},"end":{"line":70,"column":12},"skip":true}]},"8":{"line":70,"type":"binary-expr","locations":[{"start":{"line":70,"column":16},"end":{"line":70,"column":22},"skip":true},{"start":{"line":70,"column":27},"end":{"line":70,"column":32},"skip":true},{"start":{"line":71,"column":20},"end":{"line":71,"column":39},"skip":true},{"start":{"line":72,"column":20},"end":{"line":72,"column":49},"skip":true},{"start":{"line":73,"column":20},"end":{"line":73,"column":58},"skip":true},{"start":{"line":74,"column":20},"end":{"line":74,"column":69},"skip":true}]},"9":{"line":79,"type":"switch","locations":[{"start":{"line":80,"column":20},"end":{"line":80,"column":33},"skip":true},{"start":{"line":81,"column":20},"end":{"line":83,"column":30},"skip":true},{"start":{"line":84,"column":20},"end":{"line":85,"column":49},"skip":true}]},"10":{"line":89,"type":"switch","locations":[{"start":{"line":90,"column":12},"end":{"line":103,"column":22},"skip":true},{"start":{"line":105,"column":12},"end":{"line":106,"column":22},"skip":true}]},"11":{"line":89,"type":"binary-expr","locations":[{"start":{"line":89,"column":20},"end":{"line":89,"column":25},"skip":true},{"start":{"line":89,"column":29},"end":{"line":89,"column":48},"skip":true},{"start":{"line":89,"column":52},"end":{"line":89,"column":74},"skip":true}]},"12":{"line":92,"type":"if","locations":[{"start":{"line":92,"column":16},"end":{"line":92,"column":16},"skip":true},{"start":{"line":92,"column":16},"end":{"line":92,"column":16},"skip":true}]},"13":{"line":108,"type":"if","locations":[{"start":{"line":108,"column":12},"end":{"line":108,"column":12},"skip":true},{"start":{"line":108,"column":12},"end":{"line":108,"column":12},"skip":true}]},"14":{"line":108,"type":"binary-expr","locations":[{"start":{"line":108,"column":16},"end":{"line":108,"column":61},"skip":true},{"start":{"line":108,"column":66},"end":{"line":108,"column":72},"skip":true},{"start":{"line":108,"column":77},"end":{"line":108,"column":82},"skip":true},{"start":{"line":109,"column":20},"end":{"line":109,"column":39},"skip":true},{"start":{"line":110,"column":20},"end":{"line":110,"column":49},"skip":true},{"start":{"line":111,"column":20},"end":{"line":111,"column":58},"skip":true},{"start":{"line":112,"column":20},"end":{"line":112,"column":68},"skip":true}]},"15":{"line":129,"type":"if","locations":[{"start":{"line":129,"column":16},"end":{"line":129,"column":16},"skip":true},{"start":{"line":129,"column":16},"end":{"line":129,"column":16},"skip":true}]},"16":{"line":134,"type":"cond-expr","locations":[{"start":{"line":135,"column":26},"end":{"line":135,"column":29},"skip":true},{"start":{"line":136,"column":26},"end":{"line":136,"column":54},"skip":true}]},"17":{"line":164,"type":"binary-expr","locations":[{"start":{"line":164,"column":27},"end":{"line":164,"column":43},"skip":true},{"start":{"line":164,"column":47},"end":{"line":164,"column":49},"skip":true}]},"18":{"line":258,"type":"if","locations":[{"start":{"line":258,"column":8},"end":{"line":258,"column":8},"skip":true},{"start":{"line":258,"column":8},"end":{"line":258,"column":8},"skip":true}]},"19":{"line":275,"type":"switch","locations":[{"start":{"line":276,"column":20},"end":{"line":277,"column":64},"skip":true},{"start":{"line":278,"column":20},"end":{"line":279,"column":40},"skip":true},{"start":{"line":280,"column":20},"end":{"line":281,"column":40},"skip":true},{"start":{"line":282,"column":20},"end":{"line":283,"column":39},"skip":true}]},"20":{"line":288,"type":"if","locations":[{"start":{"line":288,"column":8},"end":{"line":288,"column":8},"skip":true},{"start":{"line":288,"column":8},"end":{"line":288,"column":8},"skip":true}]},"21":{"line":288,"type":"binary-expr","locations":[{"start":{"line":288,"column":12},"end":{"line":288,"column":40},"skip":true},{"start":{"line":288,"column":44},"end":{"line":288,"column":67},"skip":true}]},"22":{"line":292,"type":"binary-expr","locations":[{"start":{"line":292,"column":12},"end":{"line":292,"column":50},"skip":true},{"start":{"line":293,"column":12},"end":{"line":293,"column":53},"skip":true}]},"23":{"line":295,"type":"binary-expr","locations":[{"start":{"line":295,"column":12},"end":{"line":295,"column":68},"skip":true},{"start":{"line":296,"column":12},"end":{"line":301,"column":36},"skip":true}]},"24":{"line":302,"type":"binary-expr","locations":[{"start":{"line":302,"column":43},"end":{"line":302,"column":75},"skip":true},{"start":{"line":302,"column":79},"end":{"line":302,"column":81},"skip":true}]},"25":{"line":305,"type":"if","locations":[{"start":{"line":305,"column":8},"end":{"line":305,"column":8},"skip":true},{"start":{"line":305,"column":8},"end":{"line":305,"column":8},"skip":true}]},"26":{"line":309,"type":"if","locations":[{"start":{"line":309,"column":8},"end":{"line":309,"column":8},"skip":true},{"start":{"line":309,"column":8},"end":{"line":309,"column":8},"skip":true}]},"27":{"line":312,"type":"binary-expr","locations":[{"start":{"line":312,"column":27},"end":{"line":312,"column":43},"skip":true},{"start":{"line":312,"column":47},"end":{"line":312,"column":53},"skip":true}]},"28":{"line":316,"type":"if","locations":[{"start":{"line":316,"column":12},"end":{"line":316,"column":12},"skip":true},{"start":{"line":316,"column":12},"end":{"line":316,"column":12},"skip":true}]}},"code":["/*","example.js","","quickstart example","","instruction","    1. save this script as example.js","    2. run the shell command:","        $ npm install npmtest-protractor && PORT=8081 node example.js","    3. play with the browser-demo on http://127.0.0.1:8081","*/","","","","/* istanbul instrument in package npmtest_protractor */","/*jslint","    bitwise: true,","    browser: true,","    maxerr: 8,","    maxlen: 96,","    node: true,","    nomen: true,","    regexp: true,","    stupid: true","*/","(function () {","    'use strict';","    var local;","","","","    // run shared js-env code - pre-init","    (function () {","        // init local","        local = {};","        // init modeJs","        local.modeJs = (function () {","            try {","                return typeof navigator.userAgent === 'string' &&","                    typeof document.querySelector('body') === 'object' &&","                    typeof XMLHttpRequest.prototype.open === 'function' &&","                    'browser';","            } catch (errorCaughtBrowser) {","                return module.exports &&","                    typeof process.versions.node === 'string' &&","                    typeof require('http').createServer === 'function' &&","                    'node';","            }","        }());","        // init global","        local.global = local.modeJs === 'browser'","            ? window","            : global;","        // init utility2_rollup","        local = local.global.utility2_rollup || (local.modeJs === 'browser'","            ? local.global.utility2_npmtest_protractor","            : global.utility2_moduleExports);","        // export local","        local.global.local = local;","    }());","    switch (local.modeJs) {","","","","    // post-init","    // run browser js-env code - post-init","    /* istanbul ignore next */","    case 'browser':","        local.testRunBrowser = function (event) {","            if (!event || (event &&","                    event.currentTarget &&","                    event.currentTarget.className &&","                    event.currentTarget.className.includes &&","                    event.currentTarget.className.includes('onreset'))) {","                // reset output","                Array.from(","                    document.querySelectorAll('body > .resettable')","                ).forEach(function (element) {","                    switch (element.tagName) {","                    case 'INPUT':","                    case 'TEXTAREA':","                        element.value = '';","                        break;","                    default:","                        element.textContent = '';","                    }","                });","            }","            switch (event && event.currentTarget && event.currentTarget.id) {","            case 'testRunButton1':","                // show tests","                if (document.querySelector('#testReportDiv1').style.display === 'none') {","                    document.querySelector('#testReportDiv1').style.display = 'block';","                    document.querySelector('#testRunButton1').textContent =","                        'hide internal test';","                    local.modeTest = true;","                    local.testRunDefault(local);","                // hide tests","                } else {","                    document.querySelector('#testReportDiv1').style.display = 'none';","                    document.querySelector('#testRunButton1').textContent = 'run internal test';","                }","                break;","            // custom-case","            default:","                break;","            }","            if (document.querySelector('#inputTextareaEval1') && (!event || (event &&","                    event.currentTarget &&","                    event.currentTarget.className &&","                    event.currentTarget.className.includes &&","                    event.currentTarget.className.includes('oneval')))) {","                // try to eval input-code","                try {","                    /*jslint evil: true*/","                    eval(document.querySelector('#inputTextareaEval1').value);","                } catch (errorCaught) {","                    console.error(errorCaught.stack);","                }","            }","        };","        // log stderr and stdout to #outputTextareaStdout1","        ['error', 'log'].forEach(function (key) {","            console[key + '_original'] = console[key];","            console[key] = function () {","                var element;","                console[key + '_original'].apply(console, arguments);","                element = document.querySelector('#outputTextareaStdout1');","                if (!element) {","                    return;","                }","                // append text to #outputTextareaStdout1","                element.value += Array.from(arguments).map(function (arg) {","                    return typeof arg === 'string'","                        ? arg","                        : JSON.stringify(arg, null, 4);","                }).join(' ') + '\\n';","                // scroll textarea to bottom","                element.scrollTop = element.scrollHeight;","            };","        });","        // init event-handling","        ['change', 'click', 'keyup'].forEach(function (event) {","            Array.from(document.querySelectorAll('.on' + event)).forEach(function (element) {","                element.addEventListener(event, local.testRunBrowser);","            });","        });","        // run tests","        local.testRunBrowser();","        break;","","","","    // run node js-env code - post-init","    /* istanbul ignore next */","    case 'node':","        // export local","        module.exports = local;","        // require modules","        local.fs = require('fs');","        local.http = require('http');","        local.url = require('url');","        // init assets","        local.assetsDict = local.assetsDict || {};","        /* jslint-ignore-begin */","        local.assetsDict['/assets.index.template.html'] = '\\","<!doctype html>\\n\\","<html lang=\"en\">\\n\\","<head>\\n\\","<meta charset=\"UTF-8\">\\n\\","<meta name=\"viewport\" content=\"width=device-width, initial-scale=1\">\\n\\","<title>{{env.npm_package_name}} (v{{env.npm_package_version}})</title>\\n\\","<style>\\n\\","/*csslint\\n\\","    box-sizing: false,\\n\\","    universal-selector: false\\n\\","*/\\n\\","* {\\n\\","    box-sizing: border-box;\\n\\","}\\n\\","body {\\n\\","    background: #dde;\\n\\","    font-family: Arial, Helvetica, sans-serif;\\n\\","    margin: 2rem;\\n\\","}\\n\\","body > * {\\n\\","    margin-bottom: 1rem;\\n\\","}\\n\\",".utility2FooterDiv {\\n\\","    margin-top: 20px;\\n\\","    text-align: center;\\n\\","}\\n\\","</style>\\n\\","<style>\\n\\","/*csslint\\n\\","*/\\n\\","textarea {\\n\\","    font-family: monospace;\\n\\","    height: 10rem;\\n\\","    width: 100%;\\n\\","}\\n\\","textarea[readonly] {\\n\\","    background: #ddd;\\n\\","}\\n\\","</style>\\n\\","</head>\\n\\","<body>\\n\\","<!-- utility2-comment\\n\\","<div id=\"ajaxProgressDiv1\" style=\"background: #d00; height: 2px; left: 0; margin: 0; padding: 0; position: fixed; top: 0; transition: background 0.5s, width 1.5s; width: 25%;\"></div>\\n\\","utility2-comment -->\\n\\","<h1>\\n\\","<!-- utility2-comment\\n\\","    <a\\n\\","        {{#if env.npm_package_homepage}}\\n\\","        href=\"{{env.npm_package_homepage}}\"\\n\\","        {{/if env.npm_package_homepage}}\\n\\","        target=\"_blank\"\\n\\","    >\\n\\","utility2-comment -->\\n\\","        {{env.npm_package_name}} (v{{env.npm_package_version}})\\n\\","<!-- utility2-comment\\n\\","    </a>\\n\\","utility2-comment -->\\n\\","</h1>\\n\\","<h3>{{env.npm_package_description}}</h3>\\n\\","<!-- utility2-comment\\n\\","<h4><a download href=\"assets.app.js\">download standalone app</a></h4>\\n\\","<button class=\"onclick onreset\" id=\"testRunButton1\">run internal test</button><br>\\n\\","<div id=\"testReportDiv1\" style=\"display: none;\"></div>\\n\\","utility2-comment -->\\n\\","\\n\\","\\n\\","\\n\\","<label>stderr and stdout</label>\\n\\","<textarea class=\"resettable\" id=\"outputTextareaStdout1\" readonly></textarea>\\n\\","<!-- utility2-comment\\n\\","{{#if isRollup}}\\n\\","<script src=\"assets.app.js\"></script>\\n\\","{{#unless isRollup}}\\n\\","utility2-comment -->\\n\\","<script src=\"assets.utility2.rollup.js\"></script>\\n\\","<script src=\"jsonp.utility2._stateInit?callback=window.utility2._stateInit\"></script>\\n\\","<script src=\"assets.npmtest_protractor.rollup.js\"></script>\\n\\","<script src=\"assets.example.js\"></script>\\n\\","<script src=\"assets.test.js\"></script>\\n\\","<!-- utility2-comment\\n\\","{{/if isRollup}}\\n\\","utility2-comment -->\\n\\","<div class=\"utility2FooterDiv\">\\n\\","    [ this app was created with\\n\\","    <a href=\"https://github.com/kaizhu256/node-utility2\" target=\"_blank\">utility2</a>\\n\\","    ]\\n\\","</div>\\n\\","</body>\\n\\","</html>\\n\\","';","        /* jslint-ignore-end */","        if (local.templateRender) {","            local.assetsDict['/'] = local.templateRender(","                local.assetsDict['/assets.index.template.html'],","                {","                    env: local.objectSetDefault(local.env, {","                        npm_package_description: 'the greatest app in the world!',","                        npm_package_name: 'my-app',","                        npm_package_nameAlias: 'my_app',","                        npm_package_version: '0.0.1'","                    })","                }","            );","        } else {","            local.assetsDict['/'] = local.assetsDict['/assets.index.template.html']","                .replace((/\\{\\{env\\.(\\w+?)\\}\\}/g), function (match0, match1) {","                    // jslint-hack","                    String(match0);","                    switch (match1) {","                    case 'npm_package_description':","                        return 'the greatest app in the world!';","                    case 'npm_package_name':","                        return 'my-app';","                    case 'npm_package_nameAlias':","                        return 'my_app';","                    case 'npm_package_version':","                        return '0.0.1';","                    }","                });","        }","        // run the cli","        if (local.global.utility2_rollup || module !== require.main) {","            break;","        }","        local.assetsDict['/assets.example.js'] =","            local.assetsDict['/assets.example.js'] ||","            local.fs.readFileSync(__filename, 'utf8');","        local.assetsDict['/assets.npmtest_protractor.rollup.js'] =","            local.assetsDict['/assets.npmtest_protractor.rollup.js'] ||","            local.fs.readFileSync(","                // buildCustomOrg-hack","                local.npmtest_protractor.__dirname +","                    '/lib.npmtest_protractor.js',","                'utf8'","            ).replace((/^#!/), '//');","        local.assetsDict['/favicon.ico'] = local.assetsDict['/favicon.ico'] || '';","        // if $npm_config_timeout_exit exists,","        // then exit this process after $npm_config_timeout_exit ms","        if (Number(process.env.npm_config_timeout_exit)) {","            setTimeout(process.exit, Number(process.env.npm_config_timeout_exit));","        }","        // start server","        if (local.global.utility2_serverHttp1) {","            break;","        }","        process.env.PORT = process.env.PORT || '8081';","        console.error('server starting on port ' + process.env.PORT);","        local.http.createServer(function (request, response) {","            request.urlParsed = local.url.parse(request.url);","            if (local.assetsDict[request.urlParsed.pathname] !== undefined) {","                response.end(local.assetsDict[request.urlParsed.pathname]);","                return;","            }","            response.statusCode = 404;","            response.end();","        }).listen(process.env.PORT);","        break;","    }","}());",""],"l":{"26":2,"28":2,"33":2,"35":2,"37":2,"38":2,"39":2,"44":1,"51":2,"55":2,"59":2,"61":2,"69":1,"70":2,"76":2,"79":2,"82":2,"83":2,"85":1,"89":2,"92":1,"93":1,"94":1,"96":1,"97":1,"100":1,"101":1,"103":1,"106":1,"108":2,"114":1,"116":1,"118":1,"123":1,"124":2,"125":2,"126":2,"127":2,"128":2,"129":2,"130":1,"133":2,"134":2,"139":2,"143":1,"144":3,"145":1,"149":1,"150":1,"158":1,"160":1,"161":1,"162":1,"164":1,"166":1,"258":1,"259":1,"271":1,"274":6,"275":6,"277":1,"279":2,"281":1,"283":2,"288":1,"289":1,"291":1,"294":1,"302":1,"305":1,"306":1,"309":1,"310":1,"312":1,"313":1,"314":1,"315":1,"316":1,"317":1,"318":1,"320":1,"321":1,"323":1}},"/home/travis/build/npmtest/node-npmtest-protractor/protractor/built/index.js":{"path":"/home/travis/build/npmtest/node-npmtest-protractor/protractor/built/index.js","s":{"1":1,"2":1,"3":1,"4":1,"5":1,"6":1,"7":1,"8":1,"9":1,"10":1,"11":1,"12":1,"13":1,"14":1,"15":1,"16":1,"17":1,"18":1,"19":1,"20":1,"21":1,"22":1,"23":1,"24":1,"25":1,"26":1,"27":1,"28":1,"29":1,"30":1,"31":1,"32":1,"33":1,"34":0,"35":1,"36":7,"37":0,"38":1,"39":1,"40":1,"41":1,"42":1,"43":1,"44":1},"b":{"1":[0,0]},"f":{"1":7},"fnMap":{"1":{"name":"registerGlobal","line":41,"loc":{"start":{"line":41,"column":0},"end":{"line":41,"column":30}}}},"statementMap":{"1":{"start":{"line":3,"column":0},"end":{"line":3,"column":57}},"2":{"start":{"line":4,"column":0},"end":{"line":4,"column":61}},"3":{"start":{"line":5,"column":0},"end":{"line":5,"column":47}},"4":{"start":{"line":6,"column":0},"end":{"line":6,"column":47}},"5":{"start":{"line":7,"column":0},"end":{"line":7,"column":45}},"6":{"start":{"line":8,"column":0},"end":{"line":8,"column":57}},"7":{"start":{"line":9,"column":0},"end":{"line":9,"column":53}},"8":{"start":{"line":10,"column":0},"end":{"line":10,"column":43}},"9":{"start":{"line":11,"column":0},"end":{"line":11,"column":57}},"10":{"start":{"line":12,"column":0},"end":{"line":12,"column":57}},"11":{"start":{"line":13,"column":0},"end":{"line":13,"column":39}},"12":{"start":{"line":14,"column":0},"end":{"line":14,"column":47}},"13":{"start":{"line":15,"column":0},"end":{"line":15,"column":47}},"14":{"start":{"line":16,"column":0},"end":{"line":16,"column":47}},"15":{"start":{"line":17,"column":0},"end":{"line":17,"column":43}},"16":{"start":{"line":18,"column":0},"end":{"line":18,"column":51}},"17":{"start":{"line":19,"column":0},"end":{"line":19,"column":53}},"18":{"start":{"line":20,"column":0},"end":{"line":20,"column":67}},"19":{"start":{"line":22,"column":0},"end":{"line":22,"column":37}},"20":{"start":{"line":23,"column":0},"end":{"line":23,"column":56}},"21":{"start":{"line":24,"column":0},"end":{"line":24,"column":37}},"22":{"start":{"line":25,"column":0},"end":{"line":25,"column":58}},"23":{"start":{"line":26,"column":0},"end":{"line":26,"column":48}},"24":{"start":{"line":27,"column":0},"end":{"line":27,"column":59}},"25":{"start":{"line":28,"column":0},"end":{"line":28,"column":89}},"26":{"start":{"line":29,"column":0},"end":{"line":29,"column":39}},"27":{"start":{"line":30,"column":0},"end":{"line":30,"column":47}},"28":{"start":{"line":31,"column":0},"end":{"line":31,"column":31}},"29":{"start":{"line":32,"column":0},"end":{"line":32,"column":27}},"30":{"start":{"line":33,"column":0},"end":{"line":37,"column":2}},"31":{"start":{"line":38,"column":0},"end":{"line":38,"column":68}},"32":{"start":{"line":39,"column":0},"end":{"line":39,"column":69}},"33":{"start":{"line":40,"column":0},"end":{"line":40,"column":82}},"34":{"start":{"line":40,"column":58},"end":{"line":40,"column":78}},"35":{"start":{"line":41,"column":0},"end":{"line":43,"column":1}},"36":{"start":{"line":42,"column":4},"end":{"line":42,"column":115}},"37":{"start":{"line":42,"column":54},"end":{"line":42,"column":111}},"38":{"start":{"line":44,"column":0},"end":{"line":44,"column":26}},"39":{"start":{"line":45,"column":0},"end":{"line":45,"column":20}},"40":{"start":{"line":46,"column":0},"end":{"line":46,"column":21}},"41":{"start":{"line":47,"column":0},"end":{"line":47,"column":26}},"42":{"start":{"line":48,"column":0},"end":{"line":48,"column":21}},"43":{"start":{"line":49,"column":0},"end":{"line":49,"column":21}},"44":{"start":{"line":50,"column":0},"end":{"line":50,"column":37}}},"branchMap":{"1":{"line":42,"type":"cond-expr","locations":[{"start":{"line":42,"column":75},"end":{"line":42,"column":99}},{"start":{"line":42,"column":102},"end":{"line":42,"column":111}}]}},"code":["\"use strict\";","// Re-export selenium-webdriver types.","var selenium_webdriver_1 = require('selenium-webdriver');","exports.ActionSequence = selenium_webdriver_1.ActionSequence;","exports.Browser = selenium_webdriver_1.Browser;","exports.Builder = selenium_webdriver_1.Builder;","exports.Button = selenium_webdriver_1.Button;","exports.Capabilities = selenium_webdriver_1.Capabilities;","exports.Capability = selenium_webdriver_1.Capability;","exports.error = selenium_webdriver_1.error;","exports.EventEmitter = selenium_webdriver_1.EventEmitter;","exports.FileDetector = selenium_webdriver_1.FileDetector;","exports.Key = selenium_webdriver_1.Key;","exports.logging = selenium_webdriver_1.logging;","exports.promise = selenium_webdriver_1.promise;","exports.Session = selenium_webdriver_1.Session;","exports.until = selenium_webdriver_1.until;","exports.WebDriver = selenium_webdriver_1.WebDriver;","exports.WebElement = selenium_webdriver_1.WebElement;","exports.WebElementPromise = selenium_webdriver_1.WebElementPromise;","// Re-export public types.","var browser_1 = require('./browser');","exports.ProtractorBrowser = browser_1.ProtractorBrowser;","var element_1 = require('./element');","exports.ElementArrayFinder = element_1.ElementArrayFinder;","exports.ElementFinder = element_1.ElementFinder;","var expectedConditions_1 = require('./expectedConditions');","exports.ProtractorExpectedConditions = expectedConditions_1.ProtractorExpectedConditions;","var locators_1 = require('./locators');","exports.ProtractorBy = locators_1.ProtractorBy;","var ptor_1 = require('./ptor');","exports.Ptor = ptor_1.Ptor;","exports.utils = {","    firefox: require('selenium-webdriver/firefox'),","    http: require('selenium-webdriver/http'),","    remote: require('selenium-webdriver/remote')","};","exports.Command = require('selenium-webdriver/lib/command').Command;","exports.CommandName = require('selenium-webdriver/lib/command').Name;","Object.defineProperty(exports, 'protractor', { get: () => global['protractor'] });","function registerGlobal(name) {","    Object.defineProperty(exports, name, { get: () => exports.protractor ? exports.protractor[name] : undefined });","}","registerGlobal('browser');","registerGlobal('$');","registerGlobal('$$');","registerGlobal('element');","registerGlobal('By');","registerGlobal('by');","registerGlobal('ExpectedConditions');","//# sourceMappingURL=index.js.map"],"l":{"3":1,"4":1,"5":1,"6":1,"7":1,"8":1,"9":1,"10":1,"11":1,"12":1,"13":1,"14":1,"15":1,"16":1,"17":1,"18":1,"19":1,"20":1,"22":1,"23":1,"24":1,"25":1,"26":1,"27":1,"28":1,"29":1,"30":1,"31":1,"32":1,"33":1,"38":1,"39":1,"40":1,"41":1,"42":7,"44":1,"45":1,"46":1,"47":1,"48":1,"49":1,"50":1}},"/home/travis/build/npmtest/node-npmtest-protractor/protractor/built/browser.js":{"path":"/home/travis/build/npmtest/node-npmtest-protractor/protractor/built/browser.js","s":{"1":1,"2":1,"3":1,"4":1,"5":1,"6":1,"7":1,"8":1,"9":1,"10":1,"11":1,"12":1,"13":1,"14":1,"15":1,"16":1,"17":1,"18":22,"19":1,"20":1,"21":1,"22":0,"23":0,"24":0,"25":0,"26":0,"27":0,"28":0,"29":0,"30":0,"31":0,"32":0,"33":0,"34":1,"35":0,"36":0,"37":0,"38":0,"39":0,"40":0,"41":0,"42":0,"43":0,"44":0,"45":0,"46":0,"47":0,"48":0,"49":0,"50":0,"51":0,"52":0,"53":0,"54":0,"55":0,"56":0,"57":0,"58":0,"59":0,"60":0,"61":0,"62":0,"63":0,"64":0,"65":0,"66":0,"67":0,"68":0,"69":0,"70":0,"71":0,"72":0,"73":0,"74":0,"75":0,"76":0,"77":0,"78":0,"79":0,"80":0,"81":0,"82":0,"83":0,"84":0,"85":0,"86":0,"87":0,"88":0,"89":0,"90":0,"91":0,"92":0,"93":0,"94":0,"95":0,"96":0,"97":0,"98":0,"99":0,"100":0,"101":0,"102":0,"103":0,"104":0,"105":0,"106":0,"107":0,"108":0,"109":0,"110":0,"111":0,"112":0,"113":0,"114":0,"115":0,"116":0,"117":0,"118":0,"119":0,"120":0,"121":0,"122":0,"123":0,"124":0,"125":0,"126":0,"127":0,"128":0,"129":0,"130":0,"131":0,"132":0,"133":0,"134":0,"135":0,"136":0,"137":0,"138":0,"139":0,"140":0,"141":0,"142":0,"143":0,"144":0,"145":0,"146":0,"147":0,"148":0,"149":0,"150":0,"151":0,"152":0,"153":0,"154":0,"155":0,"156":0,"157":0,"158":0,"159":0,"160":0,"161":0,"162":0,"163":0,"164":0,"165":0,"166":0,"167":0,"168":0,"169":0,"170":0,"171":0,"172":0,"173":0,"174":0,"175":0,"176":0,"177":0,"178":0,"179":0,"180":0,"181":0,"182":0,"183":0,"184":0,"185":0,"186":0,"187":0,"188":0,"189":0,"190":0,"191":0,"192":0,"193":0,"194":0,"195":0,"196":0,"197":0,"198":0,"199":0,"200":0,"201":0,"202":0,"203":0,"204":0,"205":0,"206":0,"207":0,"208":0,"209":0,"210":0,"211":0,"212":0,"213":0,"214":0,"215":0,"216":0,"217":0,"218":0,"219":0,"220":0,"221":0,"222":0,"223":0,"224":0,"225":0,"226":0,"227":0,"228":0,"229":0,"230":0,"231":0,"232":0,"233":0,"234":0,"235":0,"236":0,"237":0,"238":0,"239":0,"240":0,"241":0,"242":0,"243":0,"244":0,"245":0,"246":0,"247":0,"248":0,"249":0,"250":0,"251":0,"252":0,"253":0,"254":0,"255":0,"256":0,"257":0,"258":0,"259":0,"260":0,"261":0,"262":0,"263":0,"264":0,"265":0,"266":0,"267":0,"268":0,"269":0,"270":0,"271":0,"272":0,"273":0,"274":0,"275":0,"276":0,"277":0,"278":0,"279":0,"280":0,"281":0,"282":0,"283":0,"284":0,"285":1,"286":1},"b":{"1":[0,0],"2":[0,0],"3":[0,0],"4":[0,0],"5":[0,0],"6":[0,0],"7":[0,0],"8":[0,0],"9":[0,0],"10":[0,0],"11":[0,0],"12":[0,0],"13":[0,0,0,0],"14":[0,0],"15":[0,0],"16":[0,0],"17":[0,0],"18":[0,0],"19":[0,0],"20":[0,0],"21":[0,0],"22":[0,0],"23":[0,0],"24":[0,0],"25":[0,0],"26":[0,0],"27":[0,0],"28":[0,0],"29":[0,0],"30":[0,0],"31":[0,0],"32":[0,0],"33":[0,0],"34":[0,0],"35":[0,0],"36":[0,0],"37":[0,0],"38":[0,0],"39":[0,0],"40":[0,0],"41":[0,0],"42":[0,0],"43":[0,0],"44":[0,0],"45":[0,0],"46":[0,0],"47":[0,0],"48":[0,0],"49":[0,0],"50":[0,0],"51":[0,0],"52":[0,0]},"f":{"1":0,"2":0,"3":0,"4":0,"5":0,"6":0,"7":0,"8":0,"9":0,"10":0,"11":0,"12":0,"13":0,"14":0,"15":0,"16":0,"17":0,"18":0,"19":0,"20":0,"21":0,"22":0,"23":0,"24":0,"25":0,"26":0,"27":0,"28":0,"29":0,"30":0,"31":0,"32":0,"33":0,"34":0,"35":0,"36":0,"37":0,"38":0},"fnMap":{"1":{"name":"ptorMixin","line":49,"loc":{"start":{"line":49,"column":0},"end":{"line":49,"column":46}}},"2":{"name":"(anonymous_2)","line":50,"loc":{"start":{"line":50,"column":17},"end":{"line":50,"column":29}}},"3":{"name":"buildElementHelper","line":77,"loc":{"start":{"line":77,"column":0},"end":{"line":77,"column":37}}},"4":{"name":"(anonymous_4)","line":99,"loc":{"start":{"line":99,"column":15},"end":{"line":99,"column":119}}},"5":{"name":"(anonymous_5)","line":140,"loc":{"start":{"line":140,"column":17},"end":{"line":140,"column":29}}},"6":{"name":"(anonymous_6)","line":143,"loc":{"start":{"line":143,"column":17},"end":{"line":143,"column":39}}},"7":{"name":"(anonymous_7)","line":186,"loc":{"start":{"line":186,"column":14},"end":{"line":186,"column":22}}},"8":{"name":"(anonymous_8)","line":189,"loc":{"start":{"line":189,"column":14},"end":{"line":189,"column":17}}},"9":{"name":"(anonymous_9)","line":204,"loc":{"start":{"line":204,"column":18},"end":{"line":204,"column":33}}},"10":{"name":"(anonymous_10)","line":233,"loc":{"start":{"line":233,"column":29},"end":{"line":233,"column":37}}},"11":{"name":"(anonymous_11)","line":236,"loc":{"start":{"line":236,"column":29},"end":{"line":236,"column":32}}},"12":{"name":"(anonymous_12)","line":248,"loc":{"start":{"line":248,"column":25},"end":{"line":248,"column":42}}},"13":{"name":"(anonymous_13)","line":275,"loc":{"start":{"line":275,"column":22},"end":{"line":275,"column":25}}},"14":{"name":"(anonymous_14)","line":297,"loc":{"start":{"line":297,"column":25},"end":{"line":297,"column":81}}},"15":{"name":"(anonymous_15)","line":351,"loc":{"start":{"line":351,"column":11},"end":{"line":351,"column":14}}},"16":{"name":"(anonymous_16)","line":373,"loc":{"start":{"line":373,"column":15},"end":{"line":373,"column":18}}},"17":{"name":"(anonymous_17)","line":381,"loc":{"start":{"line":381,"column":26},"end":{"line":381,"column":29}}},"18":{"name":"(anonymous_18)","line":398,"loc":{"start":{"line":398,"column":32},"end":{"line":398,"column":69}}},"19":{"name":"(anonymous_19)","line":419,"loc":{"start":{"line":419,"column":23},"end":{"line":419,"column":60}}},"20":{"name":"(anonymous_20)","line":438,"loc":{"start":{"line":438,"column":18},"end":{"line":438,"column":36}}},"21":{"name":"(anonymous_21)","line":542,"loc":{"start":{"line":542,"column":15},"end":{"line":542,"column":25}}},"22":{"name":"(anonymous_22)","line":551,"loc":{"start":{"line":551,"column":16},"end":{"line":551,"column":26}}},"23":{"name":"(anonymous_23)","line":560,"loc":{"start":{"line":560,"column":20},"end":{"line":560,"column":39}}},"24":{"name":"(anonymous_24)","line":591,"loc":{"start":{"line":591,"column":17},"end":{"line":591,"column":47}}},"25":{"name":"(anonymous_25)","line":597,"loc":{"start":{"line":597,"column":20},"end":{"line":597,"column":23}}},"26":{"name":"(anonymous_26)","line":609,"loc":{"start":{"line":609,"column":20},"end":{"line":609,"column":27}}},"27":{"name":"(anonymous_27)","line":621,"loc":{"start":{"line":621,"column":28},"end":{"line":621,"column":31}}},"28":{"name":"(anonymous_28)","line":630,"loc":{"start":{"line":630,"column":23},"end":{"line":630,"column":26}}},"29":{"name":"(anonymous_29)","line":649,"loc":{"start":{"line":649,"column":7},"end":{"line":649,"column":52}}},"30":{"name":"(anonymous_30)","line":779,"loc":{"start":{"line":779,"column":11},"end":{"line":779,"column":25}}},"31":{"name":"(anonymous_31)","line":793,"loc":{"start":{"line":793,"column":12},"end":{"line":793,"column":15}}},"32":{"name":"(anonymous_32)","line":811,"loc":{"start":{"line":811,"column":15},"end":{"line":811,"column":21}}},"33":{"name":"(anonymous_33)","line":837,"loc":{"start":{"line":837,"column":21},"end":{"line":837,"column":24}}},"34":{"name":"(anonymous_34)","line":863,"loc":{"start":{"line":863,"column":12},"end":{"line":863,"column":15}}},"35":{"name":"(anonymous_35)","line":873,"loc":{"start":{"line":873,"column":13},"end":{"line":873,"column":29}}},"36":{"name":"(anonymous_36)","line":892,"loc":{"start":{"line":892,"column":11},"end":{"line":892,"column":27}}},"37":{"name":"(anonymous_37)","line":927,"loc":{"start":{"line":927,"column":9},"end":{"line":927,"column":25}}},"38":{"name":"(anonymous_38)","line":954,"loc":{"start":{"line":954,"column":24},"end":{"line":954,"column":27}}}},"statementMap":{"1":{"start":{"line":2,"column":0},"end":{"line":2,"column":51}},"2":{"start":{"line":3,"column":0},"end":{"line":3,"column":59}},"3":{"start":{"line":4,"column":0},"end":{"line":4,"column":27}},"4":{"start":{"line":5,"column":0},"end":{"line":5,"column":65}},"5":{"start":{"line":6,"column":0},"end":{"line":6,"column":41}},"6":{"start":{"line":7,"column":0},"end":{"line":7,"column":39}},"7":{"start":{"line":8,"column":0},"end":{"line":8,"column":61}},"8":{"start":{"line":9,"column":0},"end":{"line":9,"column":41}},"9":{"start":{"line":10,"column":0},"end":{"line":10,"column":37}},"10":{"start":{"line":11,"column":0},"end":{"line":11,"column":57}},"11":{"start":{"line":13,"column":0},"end":{"line":13,"column":66}},"12":{"start":{"line":14,"column":0},"end":{"line":14,"column":67}},"13":{"start":{"line":16,"column":0},"end":{"line":16,"column":42}},"14":{"start":{"line":17,"column":0},"end":{"line":17,"column":57}},"15":{"start":{"line":18,"column":0},"end":{"line":18,"column":39}},"16":{"start":{"line":19,"column":0},"end":{"line":19,"column":47}},"17":{"start":{"line":26,"column":0},"end":{"line":28,"column":1}},"18":{"start":{"line":27,"column":4},"end":{"line":27,"column":54}},"19":{"start":{"line":34,"column":0},"end":{"line":34,"column":46}},"20":{"start":{"line":37,"column":0},"end":{"line":37,"column":62}},"21":{"start":{"line":49,"column":0},"end":{"line":68,"column":1}},"22":{"start":{"line":50,"column":4},"end":{"line":67,"column":6}},"23":{"start":{"line":51,"column":8},"end":{"line":51,"column":31}},"24":{"start":{"line":52,"column":8},"end":{"line":56,"column":9}},"25":{"start":{"line":53,"column":12},"end":{"line":55,"column":13}},"26":{"start":{"line":54,"column":16},"end":{"line":54,"column":50}},"27":{"start":{"line":57,"column":8},"end":{"line":59,"column":10}},"28":{"start":{"line":58,"column":12},"end":{"line":58,"column":50}},"29":{"start":{"line":60,"column":8},"end":{"line":65,"column":9}},"30":{"start":{"line":61,"column":12},"end":{"line":61,"column":42}},"31":{"start":{"line":62,"column":12},"end":{"line":64,"column":13}},"32":{"start":{"line":63,"column":16},"end":{"line":63,"column":45}},"33":{"start":{"line":66,"column":8},"end":{"line":66,"column":21}},"34":{"start":{"line":77,"column":0},"end":{"line":85,"column":1}},"35":{"start":{"line":78,"column":4},"end":{"line":80,"column":7}},"36":{"start":{"line":79,"column":8},"end":{"line":79,"column":89}},"37":{"start":{"line":81,"column":4},"end":{"line":83,"column":6}},"38":{"start":{"line":82,"column":8},"end":{"line":82,"column":70}},"39":{"start":{"line":84,"column":4},"end":{"line":84,"column":19}},"40":{"start":{"line":100,"column":8},"end":{"line":100,"column":16}},"41":{"start":{"line":104,"column":8},"end":{"line":104,"column":75}},"42":{"start":{"line":105,"column":8},"end":{"line":105,"column":29}},"43":{"start":{"line":106,"column":8},"end":{"line":113,"column":9}},"44":{"start":{"line":107,"column":12},"end":{"line":107,"column":81}},"45":{"start":{"line":112,"column":12},"end":{"line":112,"column":49}},"46":{"start":{"line":115,"column":8},"end":{"line":124,"column":11}},"47":{"start":{"line":116,"column":12},"end":{"line":123,"column":13}},"48":{"start":{"line":117,"column":16},"end":{"line":122,"column":17}},"49":{"start":{"line":118,"column":20},"end":{"line":118,"column":94}},"50":{"start":{"line":121,"column":20},"end":{"line":121,"column":62}},"51":{"start":{"line":125,"column":8},"end":{"line":125,"column":39}},"52":{"start":{"line":126,"column":8},"end":{"line":129,"column":9}},"53":{"start":{"line":127,"column":12},"end":{"line":127,"column":74}},"54":{"start":{"line":128,"column":12},"end":{"line":128,"column":80}},"55":{"start":{"line":130,"column":8},"end":{"line":130,"column":48}},"56":{"start":{"line":131,"column":8},"end":{"line":131,"column":73}},"57":{"start":{"line":132,"column":8},"end":{"line":132,"column":75}},"58":{"start":{"line":133,"column":8},"end":{"line":133,"column":41}},"59":{"start":{"line":134,"column":8},"end":{"line":134,"column":55}},"60":{"start":{"line":135,"column":8},"end":{"line":135,"column":25}},"61":{"start":{"line":136,"column":8},"end":{"line":136,"column":42}},"62":{"start":{"line":137,"column":8},"end":{"line":137,"column":60}},"63":{"start":{"line":138,"column":8},"end":{"line":138,"column":32}},"64":{"start":{"line":139,"column":8},"end":{"line":153,"column":11}},"65":{"start":{"line":141,"column":16},"end":{"line":141,"column":35}},"66":{"start":{"line":144,"column":16},"end":{"line":150,"column":17}},"67":{"start":{"line":145,"column":20},"end":{"line":149,"column":42}},"68":{"start":{"line":151,"column":16},"end":{"line":151,"column":41}},"69":{"start":{"line":154,"column":8},"end":{"line":169,"column":11}},"70":{"start":{"line":156,"column":12},"end":{"line":156,"column":44}},"71":{"start":{"line":163,"column":12},"end":{"line":163,"column":75}},"72":{"start":{"line":164,"column":12},"end":{"line":167,"column":13}},"73":{"start":{"line":166,"column":16},"end":{"line":166,"column":46}},"74":{"start":{"line":168,"column":12},"end":{"line":168,"column":24}},"75":{"start":{"line":170,"column":8},"end":{"line":170,"column":73}},"76":{"start":{"line":171,"column":8},"end":{"line":171,"column":31}},"77":{"start":{"line":172,"column":8},"end":{"line":172,"column":35}},"78":{"start":{"line":174,"column":8},"end":{"line":174,"column":94}},"79":{"start":{"line":187,"column":8},"end":{"line":187,"column":35}},"80":{"start":{"line":190,"column":8},"end":{"line":190,"column":35}},"81":{"start":{"line":205,"column":8},"end":{"line":217,"column":52}},"82":{"start":{"line":206,"column":12},"end":{"line":216,"column":13}},"83":{"start":{"line":207,"column":16},"end":{"line":215,"column":19}},"84":{"start":{"line":208,"column":20},"end":{"line":208,"column":48}},"85":{"start":{"line":209,"column":20},"end":{"line":213,"column":21}},"86":{"start":{"line":210,"column":24},"end":{"line":210,"column":84}},"87":{"start":{"line":212,"column":24},"end":{"line":212,"column":115}},"88":{"start":{"line":212,"column":94},"end":{"line":212,"column":113}},"89":{"start":{"line":214,"column":20},"end":{"line":214,"column":47}},"90":{"start":{"line":234,"column":8},"end":{"line":234,"column":43}},"91":{"start":{"line":237,"column":8},"end":{"line":237,"column":50}},"92":{"start":{"line":249,"column":8},"end":{"line":262,"column":9}},"93":{"start":{"line":250,"column":12},"end":{"line":259,"column":66}},"94":{"start":{"line":251,"column":16},"end":{"line":258,"column":19}},"95":{"start":{"line":252,"column":20},"end":{"line":257,"column":21}},"96":{"start":{"line":253,"column":24},"end":{"line":253,"column":74}},"97":{"start":{"line":254,"column":24},"end":{"line":254,"column":87}},"98":{"start":{"line":256,"column":24},"end":{"line":256,"column":103}},"99":{"start":{"line":256,"column":94},"end":{"line":256,"column":101}},"100":{"start":{"line":260,"column":12},"end":{"line":260,"column":58}},"101":{"start":{"line":261,"column":12},"end":{"line":261,"column":23}},"102":{"start":{"line":263,"column":8},"end":{"line":263,"column":78}},"103":{"start":{"line":276,"column":8},"end":{"line":276,"column":20}},"104":{"start":{"line":298,"column":8},"end":{"line":298,"column":20}},"105":{"start":{"line":352,"column":8},"end":{"line":352,"column":15}},"106":{"start":{"line":374,"column":8},"end":{"line":374,"column":15}},"107":{"start":{"line":384,"column":8},"end":{"line":384,"column":32}},"108":{"start":{"line":399,"column":8},"end":{"line":401,"column":9}},"109":{"start":{"line":400,"column":12},"end":{"line":400,"column":71}},"110":{"start":{"line":402,"column":8},"end":{"line":404,"column":60}},"111":{"start":{"line":420,"column":8},"end":{"line":422,"column":9}},"112":{"start":{"line":421,"column":12},"end":{"line":421,"column":71}},"113":{"start":{"line":423,"column":8},"end":{"line":425,"column":60}},"114":{"start":{"line":439,"column":8},"end":{"line":439,"column":73}},"115":{"start":{"line":440,"column":8},"end":{"line":444,"column":9}},"116":{"start":{"line":441,"column":12},"end":{"line":443,"column":69}},"117":{"start":{"line":442,"column":16},"end":{"line":442,"column":28}},"118":{"start":{"line":445,"column":8},"end":{"line":457,"column":10}},"119":{"start":{"line":446,"column":12},"end":{"line":456,"column":13}},"120":{"start":{"line":447,"column":16},"end":{"line":449,"column":60}},"121":{"start":{"line":448,"column":20},"end":{"line":448,"column":67}},"122":{"start":{"line":453,"column":16},"end":{"line":455,"column":19}},"123":{"start":{"line":454,"column":20},"end":{"line":454,"column":139}},"124":{"start":{"line":458,"column":8},"end":{"line":534,"column":11}},"125":{"start":{"line":460,"column":12},"end":{"line":463,"column":13}},"126":{"start":{"line":461,"column":16},"end":{"line":462,"column":73}},"127":{"start":{"line":466,"column":12},"end":{"line":476,"column":15}},"128":{"start":{"line":468,"column":16},"end":{"line":468,"column":58}},"129":{"start":{"line":471,"column":16},"end":{"line":475,"column":73}},"130":{"start":{"line":472,"column":20},"end":{"line":474,"column":23}},"131":{"start":{"line":473,"column":24},"end":{"line":473,"column":70}},"132":{"start":{"line":473,"column":56},"end":{"line":473,"column":62}},"133":{"start":{"line":478,"column":12},"end":{"line":478,"column":24}},"134":{"start":{"line":479,"column":12},"end":{"line":490,"column":13}},"135":{"start":{"line":481,"column":16},"end":{"line":481,"column":65}},"136":{"start":{"line":483,"column":17},"end":{"line":490,"column":13}},"137":{"start":{"line":485,"column":16},"end":{"line":485,"column":58}},"138":{"start":{"line":487,"column":17},"end":{"line":490,"column":13}},"139":{"start":{"line":489,"column":16},"end":{"line":489,"column":60}},"140":{"start":{"line":491,"column":12},"end":{"line":533,"column":13}},"141":{"start":{"line":492,"column":16},"end":{"line":495,"column":109}},"142":{"start":{"line":496,"column":16},"end":{"line":498,"column":17}},"143":{"start":{"line":497,"column":20},"end":{"line":497,"column":87}},"144":{"start":{"line":499,"column":16},"end":{"line":499,"column":43}},"145":{"start":{"line":500,"column":16},"end":{"line":505,"column":17}},"146":{"start":{"line":501,"column":20},"end":{"line":501,"column":188}},"147":{"start":{"line":504,"column":20},"end":{"line":504,"column":83}},"148":{"start":{"line":506,"column":16},"end":{"line":506,"column":208}},"149":{"start":{"line":507,"column":16},"end":{"line":529,"column":19}},"150":{"start":{"line":509,"column":20},"end":{"line":509,"column":55}},"151":{"start":{"line":510,"column":20},"end":{"line":510,"column":52}},"152":{"start":{"line":511,"column":20},"end":{"line":511,"column":47}},"153":{"start":{"line":512,"column":20},"end":{"line":516,"column":21}},"154":{"start":{"line":513,"column":24},"end":{"line":515,"column":25}},"155":{"start":{"line":514,"column":28},"end":{"line":514,"column":86}},"156":{"start":{"line":517,"column":20},"end":{"line":519,"column":21}},"157":{"start":{"line":518,"column":24},"end":{"line":518,"column":80}},"158":{"start":{"line":520,"column":20},"end":{"line":523,"column":21}},"159":{"start":{"line":521,"column":24},"end":{"line":521,"column":76}},"160":{"start":{"line":522,"column":24},"end":{"line":522,"column":58}},"161":{"start":{"line":524,"column":20},"end":{"line":524,"column":41}},"162":{"start":{"line":525,"column":20},"end":{"line":525,"column":30}},"163":{"start":{"line":527,"column":20},"end":{"line":527,"column":41}},"164":{"start":{"line":528,"column":20},"end":{"line":528,"column":30}},"165":{"start":{"line":532,"column":16},"end":{"line":532,"column":26}},"166":{"start":{"line":543,"column":8},"end":{"line":543,"column":53}},"167":{"start":{"line":552,"column":8},"end":{"line":552,"column":58}},"168":{"start":{"line":561,"column":8},"end":{"line":561,"column":20}},"169":{"start":{"line":562,"column":8},"end":{"line":570,"column":9}},"170":{"start":{"line":563,"column":12},"end":{"line":563,"column":39}},"171":{"start":{"line":565,"column":13},"end":{"line":570,"column":9}},"172":{"start":{"line":566,"column":12},"end":{"line":566,"column":86}},"173":{"start":{"line":569,"column":12},"end":{"line":569,"column":53}},"174":{"start":{"line":571,"column":8},"end":{"line":571,"column":35}},"175":{"start":{"line":592,"column":8},"end":{"line":592,"column":81}},"176":{"start":{"line":598,"column":8},"end":{"line":598,"column":31}},"177":{"start":{"line":599,"column":8},"end":{"line":599,"column":35}},"178":{"start":{"line":610,"column":8},"end":{"line":614,"column":9}},"179":{"start":{"line":611,"column":12},"end":{"line":613,"column":13}},"180":{"start":{"line":612,"column":16},"end":{"line":612,"column":49}},"181":{"start":{"line":622,"column":8},"end":{"line":622,"column":62}},"182":{"start":{"line":622,"column":47},"end":{"line":622,"column":60}},"183":{"start":{"line":631,"column":8},"end":{"line":631,"column":126}},"184":{"start":{"line":650,"column":8},"end":{"line":651,"column":51}},"185":{"start":{"line":652,"column":8},"end":{"line":656,"column":9}},"186":{"start":{"line":653,"column":12},"end":{"line":655,"column":34}},"187":{"start":{"line":654,"column":28},"end":{"line":654,"column":99}},"188":{"start":{"line":654,"column":68},"end":{"line":654,"column":98}},"189":{"start":{"line":655,"column":28},"end":{"line":655,"column":32}},"190":{"start":{"line":657,"column":8},"end":{"line":659,"column":10}},"191":{"start":{"line":658,"column":12},"end":{"line":658,"column":66}},"192":{"start":{"line":660,"column":8},"end":{"line":767,"column":30}},"193":{"start":{"line":662,"column":12},"end":{"line":662,"column":59}},"194":{"start":{"line":665,"column":12},"end":{"line":669,"column":13}},"195":{"start":{"line":666,"column":16},"end":{"line":668,"column":19}},"196":{"start":{"line":667,"column":20},"end":{"line":667,"column":63}},"197":{"start":{"line":673,"column":12},"end":{"line":673,"column":50}},"198":{"start":{"line":677,"column":12},"end":{"line":678,"column":85}},"199":{"start":{"line":683,"column":12},"end":{"line":701,"column":74}},"200":{"start":{"line":684,"column":16},"end":{"line":700,"column":19}},"201":{"start":{"line":686,"column":20},"end":{"line":686,"column":49}},"202":{"start":{"line":688,"column":20},"end":{"line":699,"column":21}},"203":{"start":{"line":695,"column":24},"end":{"line":695,"column":37}},"204":{"start":{"line":698,"column":24},"end":{"line":698,"column":34}},"205":{"start":{"line":705,"column":12},"end":{"line":707,"column":15}},"206":{"start":{"line":706,"column":16},"end":{"line":706,"column":54}},"207":{"start":{"line":711,"column":12},"end":{"line":726,"column":15}},"208":{"start":{"line":714,"column":16},"end":{"line":714,"column":59}},"209":{"start":{"line":715,"column":16},"end":{"line":722,"column":17}},"210":{"start":{"line":716,"column":20},"end":{"line":716,"column":60}},"211":{"start":{"line":717,"column":20},"end":{"line":717,"column":95}},"212":{"start":{"line":718,"column":20},"end":{"line":721,"column":128}},"213":{"start":{"line":723,"column":16},"end":{"line":723,"column":38}},"214":{"start":{"line":725,"column":16},"end":{"line":725,"column":86}},"215":{"start":{"line":730,"column":12},"end":{"line":751,"column":13}},"216":{"start":{"line":732,"column":16},"end":{"line":732,"column":37}},"217":{"start":{"line":733,"column":16},"end":{"line":733,"column":76}},"218":{"start":{"line":734,"column":16},"end":{"line":741,"column":17}},"219":{"start":{"line":735,"column":20},"end":{"line":735,"column":43}},"220":{"start":{"line":736,"column":20},"end":{"line":736,"column":94}},"221":{"start":{"line":737,"column":20},"end":{"line":740,"column":24}},"222":{"start":{"line":737,"column":61},"end":{"line":740,"column":22}},"223":{"start":{"line":739,"column":24},"end":{"line":739,"column":106}},"224":{"start":{"line":742,"column":16},"end":{"line":743,"column":101}},"225":{"start":{"line":742,"column":48},"end":{"line":743,"column":99}},"226":{"start":{"line":748,"column":16},"end":{"line":750,"column":17}},"227":{"start":{"line":749,"column":20},"end":{"line":749,"column":100}},"228":{"start":{"line":755,"column":12},"end":{"line":759,"column":13}},"229":{"start":{"line":756,"column":16},"end":{"line":758,"column":19}},"230":{"start":{"line":757,"column":20},"end":{"line":757,"column":93}},"231":{"start":{"line":763,"column":12},"end":{"line":765,"column":15}},"232":{"start":{"line":764,"column":16},"end":{"line":764,"column":56}},"233":{"start":{"line":767,"column":24},"end":{"line":767,"column":28}},"234":{"start":{"line":780,"column":8},"end":{"line":782,"column":9}},"235":{"start":{"line":781,"column":12},"end":{"line":781,"column":52}},"236":{"start":{"line":783,"column":8},"end":{"line":787,"column":11}},"237":{"start":{"line":786,"column":12},"end":{"line":786,"column":47}},"238":{"start":{"line":794,"column":8},"end":{"line":794,"column":41}},"239":{"start":{"line":795,"column":8},"end":{"line":795,"column":40}},"240":{"start":{"line":796,"column":8},"end":{"line":796,"column":19}},"241":{"start":{"line":812,"column":8},"end":{"line":820,"column":12}},"242":{"start":{"line":813,"column":24},"end":{"line":813,"column":45}},"243":{"start":{"line":814,"column":30},"end":{"line":820,"column":10}},"244":{"start":{"line":816,"column":12},"end":{"line":819,"column":13}},"245":{"start":{"line":817,"column":16},"end":{"line":818,"column":47}},"246":{"start":{"line":838,"column":8},"end":{"line":838,"column":112}},"247":{"start":{"line":839,"column":8},"end":{"line":841,"column":144}},"248":{"start":{"line":840,"column":24},"end":{"line":840,"column":45}},"249":{"start":{"line":841,"column":30},"end":{"line":841,"column":142}},"250":{"start":{"line":865,"column":8},"end":{"line":868,"column":46}},"251":{"start":{"line":866,"column":24},"end":{"line":868,"column":44}},"252":{"start":{"line":867,"column":12},"end":{"line":867,"column":21}},"253":{"start":{"line":874,"column":8},"end":{"line":874,"column":43}},"254":{"start":{"line":893,"column":8},"end":
[...]
hat is equivalent to the logical_and if defaultRet==true,","     * or logical_or if defaultRet==false","     *","     * @private","     * @param {boolean} defaultRet","     * @param {Array.<Function>} fns An array of expected conditions to chain.","     *","     * @returns {!function} An expected condition that returns a promise which","     *     evaluates to the result of the logical chain.","     */","    logicalChain_(defaultRet, fns) {","        let self = this;","        return () => {","            if (fns.length === 0) {","                return defaultRet;","            }","            let fn = fns[0];","            return fn().then((bool) => {","                if (bool === defaultRet) {","                    return self.logicalChain_(defaultRet, fns.slice(1))();","                }","                else {","                    return !defaultRet;","                }","            });","        };","    }","    /**","     * Chain a number of expected conditions using logical_and, short circuiting","     * at the first expected condition that evaluates to false.","     *","     * @example","     * var EC = protractor.ExpectedConditions;","     * var titleContainsFoo = EC.titleContains('Foo');","     * var titleIsNotFooBar = EC.not(EC.titleIs('FooBar'));","     * // Waits for title to contain 'Foo', but is not 'FooBar'","     * browser.wait(EC.and(titleContainsFoo, titleIsNotFooBar), 5000);","     *","     * @alias ExpectedConditions.and","     * @param {Array.<Function>} fns An array of expected conditions to 'and'","     * together.","     *","     * @returns {!function} An expected condition that returns a promise which","     *     evaluates to the result of the logical and.","     */","    and(...args) {","        return this.logicalChain_(true, args);","    }","    /**","     * Chain a number of expected conditions using logical_or, short circuiting","     * at the first expected condition that evaluates to true.","     *","     * @alias ExpectedConditions.or","     * @example","     * var EC = protractor.ExpectedConditions;","     * var titleContainsFoo = EC.titleContains('Foo');","     * var titleContainsBar = EC.titleContains('Bar');","     * // Waits for title to contain either 'Foo' or 'Bar'","     * browser.wait(EC.or(titleContainsFoo, titleContainsBar), 5000);","     *","     * @param {Array.<Function>} fns An array of expected conditions to 'or'","     * together.","     *","     * @returns {!function} An expected condition that returns a promise which","     *     evaluates to the result of the logical or.","     */","    or(...args) {","        return this.logicalChain_(false, args);","    }","    /**","     * Expect an alert to be present.","     *","     * @example","     * var EC = protractor.ExpectedConditions;","     * // Waits for an alert pops up.","     * browser.wait(EC.alertIsPresent(), 5000);","     *","     * @alias ExpectedConditions.alertIsPresent","     * @returns {!function} An expected condition that returns a promise","     *     representing whether an alert is present.","     */","    alertIsPresent() {","        return () => {","            return this.browser.driver.switchTo().alert().then(() => {","                return true;","            }, (err) => {","                if (err instanceof selenium_webdriver_1.error.NoSuchAlertError) {","                    return false;","                }","                else {","                    throw err;","                }","            });","        };","    }","    /**","     * An Expectation for checking an element is visible and enabled such that you","     * can click it.","     *","     * @example","     * var EC = protractor.ExpectedConditions;","     * // Waits for the element with id 'abc' to be clickable.","     * browser.wait(EC.elementToBeClickable($('#abc')), 5000);","     *","     * @alias ExpectedConditions.elementToBeClickable","     * @param {!ElementFinder} elementFinder The element to check","     *","     * @returns {!function} An expected condition that returns a promise","     *     representing whether the element is clickable.","     */","    elementToBeClickable(elementFinder) {","        return this.and(this.visibilityOf(elementFinder), () => {","            return elementFinder.isEnabled().then(util_1.passBoolean, util_1.falseIfMissing);","        });","    }","    /**","     * An expectation for checking if the given text is present in the","     * element. Returns false if the elementFinder does not find an element.","     *","     * @example","     * var EC = protractor.ExpectedConditions;","     * // Waits for the element with id 'abc' to contain the text 'foo'.","     * browser.wait(EC.textToBePresentInElement($('#abc'), 'foo'), 5000);","     *","     * @alias ExpectedConditions.textToBePresentInElement","     * @param {!ElementFinder} elementFinder The element to check","     * @param {!string} text The text to verify against","     *","     * @returns {!function} An expected condition that returns a promise","     *     representing whether the text is present in the element.","     */","    textToBePresentInElement(elementFinder, text) {","        let hasText = () => {","            return elementFinder.getText().then((actualText) => {","                // MSEdge does not properly remove newlines, which causes false","                // negatives","                return actualText.replace(/\\r?\\n|\\r/g, '').indexOf(text) > -1;","            }, util_1.falseIfMissing);","        };","        return this.and(this.presenceOf(elementFinder), hasText);","    }","    /**","     * An expectation for checking if the given text is present in the element’s","     * value. Returns false if the elementFinder does not find an element.","     *","     * @example","     * var EC = protractor.ExpectedConditions;","     * // Waits for the element with id 'myInput' to contain the input 'foo'.","     * browser.wait(EC.textToBePresentInElementValue($('#myInput'), 'foo'), 5000);","     *","     * @alias ExpectedConditions.textToBePresentInElement","     * @param {!ElementFinder} elementFinder The element to check","     * @param {!string} text The text to verify against","     *","     * @returns {!function} An expected condition that returns a promise","     *     representing whether the text is present in the element's value.","     */","    textToBePresentInElementValue(elementFinder, text) {","        let hasText = () => {","            return elementFinder.getAttribute('value').then((actualText) => {","                return actualText.indexOf(text) > -1;","            }, util_1.falseIfMissing);","        };","        return this.and(this.presenceOf(elementFinder), hasText);","    }","    /**","     * An expectation for checking that the title contains a case-sensitive","     * substring.","     *","     * @example","     * var EC = protractor.ExpectedConditions;","     * // Waits for the title to contain 'foo'.","     * browser.wait(EC.titleContains('foo'), 5000);","     *","     * @alias ExpectedConditions.titleContains","     * @param {!string} title The fragment of title expected","     *","     * @returns {!function} An expected condition that returns a promise","     *     representing whether the title contains the string.","     */","    titleContains(title) {","        return () => {","            return this.browser.driver.getTitle().then((actualTitle) => {","                return actualTitle.indexOf(title) > -1;","            });","        };","    }","    /**","     * An expectation for checking the title of a page.","     *","     * @example","     * var EC = protractor.ExpectedConditions;","     * // Waits for the title to be 'foo'.","     * browser.wait(EC.titleIs('foo'), 5000);","     *","     * @alias ExpectedConditions.titleIs","     * @param {!string} title The expected title, which must be an exact match.","     *","     * @returns {!function} An expected condition that returns a promise","     *     representing whether the title equals the string.","     */","    titleIs(title) {","        return () => {","            return this.browser.driver.getTitle().then((actualTitle) => {","                return actualTitle === title;","            });","        };","    }","    /**","     * An expectation for checking that the URL contains a case-sensitive","     * substring.","     *","     * @example","     * var EC = protractor.ExpectedConditions;","     * // Waits for the URL to contain 'foo'.","     * browser.wait(EC.urlContains('foo'), 5000);","     *","     * @alias ExpectedConditions.urlContains","     * @param {!string} url The fragment of URL expected","     *","     * @returns {!function} An expected condition that returns a promise","     *     representing whether the URL contains the string.","     */","    urlContains(url) {","        return () => {","            return this.browser.driver.getCurrentUrl().then((actualUrl) => {","                return actualUrl.indexOf(url) > -1;","            });","        };","    }","    /**","     * An expectation for checking the URL of a page.","     *","     * @example","     * var EC = protractor.ExpectedConditions;","     * // Waits for the URL to be 'foo'.","     * browser.wait(EC.urlIs('foo'), 5000);","     *","     * @alias ExpectedConditions.urlIs","     * @param {!string} url The expected URL, which must be an exact match.","     *","     * @returns {!function} An expected condition that returns a promise","     *     representing whether the url equals the string.","     */","    urlIs(url) {","        return () => {","            return this.browser.driver.getCurrentUrl().then((actualUrl) => {","                return actualUrl === url;","            });","        };","    }","    /**","     * An expectation for checking that an element is present on the DOM","     * of a page. This does not necessarily mean that the element is visible.","     * This is the opposite of 'stalenessOf'.","     *","     * @example","     * var EC = protractor.ExpectedConditions;","     * // Waits for the element with id 'abc' to be present on the dom.","     * browser.wait(EC.presenceOf($('#abc')), 5000);","     *","     * @alias ExpectedConditions.presenceOf","     * @param {!ElementFinder} elementFinder The element to check","     *","     * @returns {!function} An expected condition that returns a promise","     *     representing whether the element is present.","     */","    presenceOf(elementFinder) {","        return elementFinder.isPresent.bind(elementFinder);","    }","    ;","    /**","     * An expectation for checking that an element is not attached to the DOM","     * of a page. This is the opposite of 'presenceOf'.","     *","     * @example","     * var EC = protractor.ExpectedConditions;","     * // Waits for the element with id 'abc' to be no longer present on the dom.","     * browser.wait(EC.stalenessOf($('#abc')), 5000);","     *","     * @alias ExpectedConditions.stalenessOf","     * @param {!ElementFinder} elementFinder The element to check","     *","     * @returns {!function} An expected condition that returns a promise","     *     representing whether the element is stale.","     */","    stalenessOf(elementFinder) {","        return this.not(this.presenceOf(elementFinder));","    }","    /**","     * An expectation for checking that an element is present on the DOM of a","     * page and visible. Visibility means that the element is not only displayed","     * but also has a height and width that is greater than 0. This is the","     * opposite","     * of 'invisibilityOf'.","     *","     * @example","     * var EC = protractor.ExpectedConditions;","     * // Waits for the element with id 'abc' to be visible on the dom.","     * browser.wait(EC.visibilityOf($('#abc')), 5000);","     *","     * @alias ExpectedConditions.visibilityOf","     * @param {!ElementFinder} elementFinder The element to check","     *","     * @returns {!function} An expected condition that returns a promise","     *     representing whether the element is visible.","     */","    visibilityOf(elementFinder) {","        return this.and(this.presenceOf(elementFinder), () => {","            return elementFinder.isDisplayed().then(util_1.passBoolean, util_1.falseIfMissing);","        });","    }","    /**","     * An expectation for checking that an element is either invisible or not","     * present on the DOM. This is the opposite of 'visibilityOf'.","     *","     * @example","     * var EC = protractor.ExpectedConditions;","     * // Waits for the element with id 'abc' to be no longer visible on the dom.","     * browser.wait(EC.invisibilityOf($('#abc')), 5000);","     *","     * @alias ExpectedConditions.invisibilityOf","     * @param {!ElementFinder} elementFinder The element to check","     *","     * @returns {!function} An expected condition that returns a promise","     *     representing whether the element is invisible.","     */","    invisibilityOf(elementFinder) {","        return this.not(this.visibilityOf(elementFinder));","    }","    /**","   * An expectation for checking the selection is selected.","   *","   * @example","   * var EC = protractor.ExpectedConditions;","   * // Waits for the element with id 'myCheckbox' to be selected.","   * browser.wait(EC.elementToBeSelected($('#myCheckbox')), 5000);","   *","   * @alias ExpectedConditions.elementToBeSelected","   * @param {!ElementFinder} elementFinder The element to check","   *","   * @returns {!function} An expected condition that returns a promise","   *     representing whether the element is selected.","   */","    elementToBeSelected(elementFinder) {","        return this.and(this.presenceOf(elementFinder), () => {","            return elementFinder.isSelected().then(util_1.passBoolean, util_1.falseIfMissing);","        });","    }","}","exports.ProtractorExpectedConditions = ProtractorExpectedConditions;","//# sourceMappingURL=expectedConditions.js.map"],"l":{"2":1,"3":1,"47":0,"65":0,"66":0,"67":0,"83":0,"84":0,"85":0,"86":0,"88":0,"89":0,"90":0,"91":0,"94":0,"118":0,"139":0,"154":0,"155":0,"156":0,"158":0,"159":0,"162":0,"183":0,"184":0,"204":0,"205":0,"208":0,"211":0,"230":0,"231":0,"232":0,"235":0,"253":0,"254":0,"255":0,"274":0,"275":0,"276":0,"296":0,"297":0,"298":0,"317":0,"318":0,"319":0,"340":0,"359":0,"380":0,"381":0,"400":0,"417":0,"418":0,"422":1}},"/home/travis/build/npmtest/node-npmtest-protractor/protractor/built/ptor.js":{"path":"/home/travis/build/npmtest/node-npmtest-protractor/protractor/built/ptor.js","s":{"1":1,"2":1,"3":1,"4":1,"5":1,"6":1,"7":0,"8":1,"9":0,"10":1,"11":1,"12":1,"13":1,"14":1,"15":1,"16":1,"17":1,"18":1,"19":1,"20":1,"21":1,"22":1,"23":1,"24":1,"25":1,"26":1,"27":1,"28":1,"29":1,"30":1,"31":1,"32":1,"33":1,"34":1,"35":1,"36":1},"b":{},"f":{"1":1,"2":0,"3":0},"fnMap":{"1":{"name":"(anonymous_1)","line":8,"loc":{"start":{"line":8,"column":15},"end":{"line":8,"column":18}}},"2":{"name":"(anonymous_2)","line":9,"loc":{"start":{"line":9,"column":17},"end":{"line":9,"column":35}}},"3":{"name":"(anonymous_3)","line":12,"loc":{"start":{"line":12,"column":18},"end":{"line":12,"column":36}}}},"statementMap":{"1":{"start":{"line":2,"column":0},"end":{"line":2,"column":48}},"2":{"start":{"line":3,"column":0},"end":{"line":3,"column":52}},"3":{"start":{"line":4,"column":0},"end":{"line":4,"column":54}},"4":{"start":{"line":5,"column":0},"end":{"line":5,"column":48}},"5":{"start":{"line":6,"column":0},"end":{"line":6,"column":52}},"6":{"start":{"line":9,"column":8},"end":{"line":11,"column":10}},"7":{"start":{"line":10,"column":12},"end":{"line":10,"column":24}},"8":{"start":{"line":12,"column":8},"end":{"line":14,"column":10}},"9":{"start":{"line":13,"column":12},"end":{"line":13,"column":24}},"10":{"start":{"line":16,"column":8},"end":{"line":16,"column":72}},"11":{"start":{"line":17,"column":8},"end":{"line":17,"column":64}},"12":{"start":{"line":18,"column":8},"end":{"line":18,"column":74}},"13":{"start":{"line":19,"column":8},"end":{"line":19,"column":63}},"14":{"start":{"line":20,"column":8},"end":{"line":20,"column":105}},"15":{"start":{"line":22,"column":8},"end":{"line":22,"column":55}},"16":{"start":{"line":23,"column":8},"end":{"line":23,"column":41}},"17":{"start":{"line":24,"column":8},"end":{"line":24,"column":41}},"18":{"start":{"line":25,"column":8},"end":{"line":25,"column":39}},"19":{"start":{"line":26,"column":8},"end":{"line":26,"column":51}},"20":{"start":{"line":27,"column":8},"end":{"line":27,"column":47}},"21":{"start":{"line":28,"column":8},"end":{"line":28,"column":51}},"22":{"start":{"line":29,"column":8},"end":{"line":29,"column":51}},"23":{"start":{"line":30,"column":8},"end":{"line":30,"column":33}},"24":{"start":{"line":31,"column":8},"end":{"line":31,"column":41}},"25":{"start":{"line":32,"column":8},"end":{"line":32,"column":45}},"26":{"start":{"line":33,"column":8},"end":{"line":33,"column":47}},"27":{"start":{"line":34,"column":8},"end":{"line":34,"column":61}},"28":{"start":{"line":35,"column":8},"end":{"line":35,"column":37}},"29":{"start":{"line":36,"column":8},"end":{"line":36,"column":41}},"30":{"start":{"line":37,"column":8},"end":{"line":37,"column":41}},"31":{"start":{"line":38,"column":8},"end":{"line":38,"column":37}},"32":{"start":{"line":39,"column":8},"end":{"line":39,"column":73}},"33":{"start":{"line":40,"column":8},"end":{"line":40,"column":74}},"34":{"start":{"line":41,"column":8},"end":{"line":41,"column":86}},"35":{"start":{"line":44,"column":0},"end":{"line":44,"column":20}},"36":{"start":{"line":45,"column":0},"end":{"line":45,"column":32}}},"branchMap":{},"code":["\"use strict\";","const webdriver = require('selenium-webdriver');","const chrome = require('selenium-webdriver/chrome');","const firefox = require('selenium-webdriver/firefox');","const http = require('selenium-webdriver/http');","const remote = require('selenium-webdriver/remote');","class Ptor {","    constructor() {","        this.$ = function (search) {","            return null;","        };","        this.$$ = function (search) {","            return null;","        };","        // Export protractor classes.","        this.ProtractorBrowser = require('./browser').ProtractorBrowser;","        this.ElementFinder = require('./element').ElementFinder;","        this.ElementArrayFinder = require('./element').ElementArrayFinder;","        this.ProtractorBy = require('./locators').ProtractorBy;","        this.ProtractorExpectedConditions = require('./expectedConditions').ProtractorExpectedConditions;","        // Export selenium webdriver.","        this.ActionSequence = webdriver.ActionSequence;","        this.Browser = webdriver.Browser;","        this.Builder = webdriver.Builder;","        this.Button = webdriver.Button;","        this.Capabilities = webdriver.Capabilities;","        this.Capability = webdriver.Capability;","        this.EventEmitter = webdriver.EventEmitter;","        this.FileDetector = webdriver.FileDetector;","        this.Key = webdriver.Key;","        this.Session = webdriver.Session;","        this.WebDriver = webdriver.WebDriver;","        this.WebElement = webdriver.WebElement;","        this.WebElementPromise = webdriver.WebElementPromise;","        this.error = webdriver.error;","        this.logging = webdriver.logging;","        this.promise = webdriver.promise;","        this.until = webdriver.until;","        this.Command = require('selenium-webdriver/lib/command').Command;","        this.CommandName = require('selenium-webdriver/lib/command').Name;","        this.utils = { firefox: firefox, http: http, remote: remote, chrome: chrome };","    }","}","exports.Ptor = Ptor;","exports.protractor = new Ptor();","//# sourceMappingURL=ptor.js.map"],"l":{"2":1,"3":1,"4":1,"5":1,"6":1,"9":1,"10":0,"12":1,"13":0,"16":1,"17":1,"18":1,"19":1,"20":1,"22":1,"23":1,"24":1,"25":1,"26":1,"27":1,"28":1,"29":1,"30":1,"31":1,"32":1,"33":1,"34":1,"35":1,"36":1,"37":1,"38":1,"39":1,"40":1,"41":1,"44":1,"45":1}}}